2022-09-26 00:48:45 error: uncaughtException: тип Unable to compile TypeScript:
[96msrc/services/comment.ts[0m:[93m86[0m:[93m77[0m - [91merror[0m[90m TS1005: [0m'=>' expected.

[7m86[0m   public deleteComment = async(commentId: string): Promise<boolean| string> {
[7m  [0m [91m                                                                            ~[0m

TSError: тип Unable to compile TypeScript:
[96msrc/services/comment.ts[0m:[93m86[0m:[93m77[0m - [91merror[0m[90m TS1005: [0m'=>' expected.

[7m86[0m   public deleteComment = async(commentId: string): Promise<boolean| string> {
[7m  [0m [91m                                                                            ~[0m

    at createTSError (/home/uty/KAMOU/easy-link/post/node_modules/ts-node/src/index.ts:859:12)
    at reportTSError (/home/uty/KAMOU/easy-link/post/node_modules/ts-node/src/index.ts:863:19)
    at /home/uty/KAMOU/easy-link/post/node_modules/ts-node/src/index.ts:1379:34
    at Object.compile (/home/uty/KAMOU/easy-link/post/node_modules/ts-node/src/index.ts:1458:13)
    at Module.m._compile (/home/uty/KAMOU/easy-link/post/node_modules/ts-node/src/index.ts:1617:30)
    at Module._extensions..js (node:internal/modules/cjs/loader:1180:10)
    at Object.require.extensions.<computed> [as .ts] (/home/uty/KAMOU/easy-link/post/node_modules/ts-node/src/index.ts:1621:12)
    at Module.load (node:internal/modules/cjs/loader:1004:32)
    at Function.Module._load (node:internal/modules/cjs/loader:839:12)
    at Module.require (node:internal/modules/cjs/loader:1028:19)
2022-09-26 00:50:00 error: uncaughtException: тип Unable to compile TypeScript:
[96msrc/services/comment.ts[0m:[93m86[0m:[93m77[0m - [91merror[0m[90m TS1005: [0m'=>' expected.

[7m86[0m   public deleteComment = async(commentId: string): Promise<boolean| string> {
[7m  [0m [91m                                                                            ~[0m

TSError: тип Unable to compile TypeScript:
[96msrc/services/comment.ts[0m:[93m86[0m:[93m77[0m - [91merror[0m[90m TS1005: [0m'=>' expected.

[7m86[0m   public deleteComment = async(commentId: string): Promise<boolean| string> {
[7m  [0m [91m                                                                            ~[0m

    at createTSError (/home/uty/KAMOU/easy-link/post/node_modules/ts-node/src/index.ts:859:12)
    at reportTSError (/home/uty/KAMOU/easy-link/post/node_modules/ts-node/src/index.ts:863:19)
    at /home/uty/KAMOU/easy-link/post/node_modules/ts-node/src/index.ts:1379:34
    at Object.compile (/home/uty/KAMOU/easy-link/post/node_modules/ts-node/src/index.ts:1458:13)
    at Module.m._compile (/home/uty/KAMOU/easy-link/post/node_modules/ts-node/src/index.ts:1617:30)
    at Module._extensions..js (node:internal/modules/cjs/loader:1180:10)
    at Object.require.extensions.<computed> [as .ts] (/home/uty/KAMOU/easy-link/post/node_modules/ts-node/src/index.ts:1621:12)
    at Module.load (node:internal/modules/cjs/loader:1004:32)
    at Function.Module._load (node:internal/modules/cjs/loader:839:12)
    at Module.require (node:internal/modules/cjs/loader:1028:19)
2022-09-26 00:51:16 error: uncaughtException: тип Unable to compile TypeScript:
[96msrc/services/comment.ts[0m:[93m86[0m:[93m77[0m - [91merror[0m[90m TS1005: [0m'=>' expected.

[7m86[0m   public deleteComment = async(commentId: string): Promise<boolean| string> {
[7m  [0m [91m                                                                            ~[0m

TSError: тип Unable to compile TypeScript:
[96msrc/services/comment.ts[0m:[93m86[0m:[93m77[0m - [91merror[0m[90m TS1005: [0m'=>' expected.

[7m86[0m   public deleteComment = async(commentId: string): Promise<boolean| string> {
[7m  [0m [91m                                                                            ~[0m

    at createTSError (/home/uty/KAMOU/easy-link/post/node_modules/ts-node/src/index.ts:859:12)
    at reportTSError (/home/uty/KAMOU/easy-link/post/node_modules/ts-node/src/index.ts:863:19)
    at /home/uty/KAMOU/easy-link/post/node_modules/ts-node/src/index.ts:1379:34
    at Object.compile (/home/uty/KAMOU/easy-link/post/node_modules/ts-node/src/index.ts:1458:13)
    at Module.m._compile (/home/uty/KAMOU/easy-link/post/node_modules/ts-node/src/index.ts:1617:30)
    at Module._extensions..js (node:internal/modules/cjs/loader:1180:10)
    at Object.require.extensions.<computed> [as .ts] (/home/uty/KAMOU/easy-link/post/node_modules/ts-node/src/index.ts:1621:12)
    at Module.load (node:internal/modules/cjs/loader:1004:32)
    at Function.Module._load (node:internal/modules/cjs/loader:839:12)
    at Module.require (node:internal/modules/cjs/loader:1028:19)
2022-09-26 00:52:45 error: uncaughtException: тип Unable to compile TypeScript:
[96msrc/services/comment.ts[0m:[93m86[0m:[93m77[0m - [91merror[0m[90m TS1005: [0m'=>' expected.

[7m86[0m   public deleteComment = async(commentId: string): Promise<boolean| string> {
[7m  [0m [91m                                                                            ~[0m

TSError: тип Unable to compile TypeScript:
[96msrc/services/comment.ts[0m:[93m86[0m:[93m77[0m - [91merror[0m[90m TS1005: [0m'=>' expected.

[7m86[0m   public deleteComment = async(commentId: string): Promise<boolean| string> {
[7m  [0m [91m                                                                            ~[0m

    at createTSError (/home/uty/KAMOU/easy-link/post/node_modules/ts-node/src/index.ts:859:12)
    at reportTSError (/home/uty/KAMOU/easy-link/post/node_modules/ts-node/src/index.ts:863:19)
    at /home/uty/KAMOU/easy-link/post/node_modules/ts-node/src/index.ts:1379:34
    at Object.compile (/home/uty/KAMOU/easy-link/post/node_modules/ts-node/src/index.ts:1458:13)
    at Module.m._compile (/home/uty/KAMOU/easy-link/post/node_modules/ts-node/src/index.ts:1617:30)
    at Module._extensions..js (node:internal/modules/cjs/loader:1180:10)
    at Object.require.extensions.<computed> [as .ts] (/home/uty/KAMOU/easy-link/post/node_modules/ts-node/src/index.ts:1621:12)
    at Module.load (node:internal/modules/cjs/loader:1004:32)
    at Function.Module._load (node:internal/modules/cjs/loader:839:12)
    at Module.require (node:internal/modules/cjs/loader:1028:19)
