2022-10-09 18:03:32 info: ================================
2022-10-09 18:03:32 info: ======= ENV: development =======
2022-10-09 18:03:32 info: 🚀 App listening on the port 8181
2022-10-09 18:03:32 info: =================================
2022-10-09 18:03:32 info: ======================
2022-10-09 18:03:32 info: MongoDB Connected!
2022-10-09 18:03:32 info: ======================
2022-10-09 18:03:43 info: [0mPOST /organization/new [33m404[0m 77.724 ms - 156[0m
2022-10-09 18:05:30 info: ================================
2022-10-09 18:05:30 info: ======= ENV: development =======
2022-10-09 18:05:30 info: 🚀 App listening on the port 8181
2022-10-09 18:05:30 info: =================================
2022-10-09 18:05:30 info: ======================
2022-10-09 18:05:30 info: MongoDB Connected!
2022-10-09 18:05:30 info: ======================
2022-10-09 18:05:38 info: [0mPOST /organization/new [33m404[0m 44.077 ms - 156[0m
2022-10-09 18:06:41 info: ================================
2022-10-09 18:06:41 info: ======= ENV: development =======
2022-10-09 18:06:41 info: 🚀 App listening on the port 8181
2022-10-09 18:06:41 info: =================================
2022-10-09 18:06:41 info: ======================
2022-10-09 18:06:41 info: MongoDB Connected!
2022-10-09 18:06:41 info: ======================
2022-10-09 18:06:51 info: [0mPOST /organization/new [33m404[0m 45.050 ms - 156[0m
2022-10-09 18:10:30 info: ================================
2022-10-09 18:10:30 info: ======= ENV: development =======
2022-10-09 18:10:30 info: 🚀 App listening on the port 8181
2022-10-09 18:10:30 info: =================================
2022-10-09 18:10:30 info: ======================
2022-10-09 18:10:30 info: MongoDB Connected!
2022-10-09 18:10:30 info: ======================
2022-10-09 18:10:49 info: ================================
2022-10-09 18:10:49 info: ======= ENV: development =======
2022-10-09 18:10:49 info: 🚀 App listening on the port 8181
2022-10-09 18:10:49 info: =================================
2022-10-09 18:10:49 info: ======================
2022-10-09 18:10:49 info: MongoDB Connected!
2022-10-09 18:10:49 info: ======================
2022-10-09 18:11:59 info: [0mPOST /organization/new [33m404[0m 36.304 ms - 156[0m
2022-10-09 18:13:31 info: ================================
2022-10-09 18:13:31 info: ======= ENV: development =======
2022-10-09 18:13:31 info: 🚀 App listening on the port 8181
2022-10-09 18:13:31 info: =================================
2022-10-09 18:13:31 info: ======================
2022-10-09 18:13:31 info: MongoDB Connected!
2022-10-09 18:13:31 info: ======================
2022-10-09 18:14:03 info: [0mPOST /org/new [33m404[0m 78.537 ms - 147[0m
2022-10-09 18:20:58 info: ================================
2022-10-09 18:20:59 info: ======= ENV: development =======
2022-10-09 18:20:59 info: 🚀 App listening on the port 8181
2022-10-09 18:20:59 info: =================================
2022-10-09 18:20:59 info: ======================
2022-10-09 18:20:59 info: MongoDB Connected!
2022-10-09 18:20:59 info: ======================
2022-10-09 18:21:07 info: [0mPOST /org/new [33m404[0m 46.645 ms - 147[0m
2022-10-09 18:22:19 info: ================================
2022-10-09 18:22:19 info: ======= ENV: development =======
2022-10-09 18:22:20 info: 🚀 App listening on the port 8181
2022-10-09 18:22:20 info: =================================
2022-10-09 18:22:20 info: ======================
2022-10-09 18:22:20 info: MongoDB Connected!
2022-10-09 18:22:20 info: ======================
2022-10-09 18:22:41 info: [0mPOST /org/new [33m404[0m 101.866 ms - 147[0m
2022-10-09 18:24:23 info: ================================
2022-10-09 18:24:23 info: ======= ENV: development =======
2022-10-09 18:24:23 info: 🚀 App listening on the port 8181
2022-10-09 18:24:23 info: =================================
2022-10-09 18:24:23 info: ======================
2022-10-09 18:24:23 info: MongoDB Connected!
2022-10-09 18:24:23 info: ======================
2022-10-09 18:24:31 info: [0mPOST /org/new [33m404[0m 67.235 ms - 147[0m
2022-10-09 18:29:38 info: [0mPOST /org/new [33m404[0m 55.967 ms - 147[0m
2022-10-09 18:29:58 info: [0mPOST /org/new [33m404[0m 10.387 ms - 147[0m
2022-10-09 18:32:00 info: ================================
2022-10-09 18:32:00 info: ======= ENV: development =======
2022-10-09 18:32:00 info: 🚀 App listening on the port 8181
2022-10-09 18:32:00 info: =================================
2022-10-09 18:32:00 info: ======================
2022-10-09 18:32:00 info: MongoDB Connected!
2022-10-09 18:32:00 info: ======================
2022-10-09 18:33:48 info: ================================
2022-10-09 18:33:48 info: ======= ENV: development =======
2022-10-09 18:33:48 info: 🚀 App listening on the port 8181
2022-10-09 18:33:48 info: =================================
2022-10-09 18:33:48 info: ======================
2022-10-09 18:33:48 info: MongoDB Connected!
2022-10-09 18:33:48 info: ======================
2022-10-09 18:33:58 info: [0mPOST /new [31m500[0m 223.386 ms - 142[0m
2022-10-09 18:35:29 info: ================================
2022-10-09 18:35:29 info: ======= ENV: development =======
2022-10-09 18:35:29 info: 🚀 App listening on the port 8181
2022-10-09 18:35:29 info: =================================
2022-10-09 18:35:29 info: ======================
2022-10-09 18:35:29 info: MongoDB Connected!
2022-10-09 18:35:29 info: ======================
2022-10-09 18:36:08 info: [0mPOST /new [31m500[0m 220.432 ms - 142[0m
2022-10-09 18:37:55 info: ================================
2022-10-09 18:37:55 info: ======= ENV: development =======
2022-10-09 18:37:55 info: 🚀 App listening on the port 8181
2022-10-09 18:37:55 info: =================================
2022-10-09 18:37:55 info: ======================
2022-10-09 18:37:55 info: MongoDB Connected!
2022-10-09 18:37:55 info: ======================
2022-10-09 18:38:28 info: ================================
2022-10-09 18:38:28 info: ======= ENV: development =======
2022-10-09 18:38:28 info: 🚀 App listening on the port 8181
2022-10-09 18:38:28 info: =================================
2022-10-09 18:38:29 info: ======================
2022-10-09 18:38:29 info: MongoDB Connected!
2022-10-09 18:38:29 info: ======================
2022-10-09 18:39:58 info: ================================
2022-10-09 18:39:58 info: ======= ENV: development =======
2022-10-09 18:39:58 info: 🚀 App listening on the port 8181
2022-10-09 18:39:58 info: =================================
2022-10-09 18:39:58 info: ======================
2022-10-09 18:39:58 info: MongoDB Connected!
2022-10-09 18:39:58 info: ======================
2022-10-09 18:40:06 info: [0mPOST /new [31m500[0m 277.321 ms - 142[0m
2022-10-09 18:40:55 info: ================================
2022-10-09 18:40:55 info: ======= ENV: development =======
2022-10-09 18:40:55 info: 🚀 App listening on the port 8181
2022-10-09 18:40:55 info: =================================
2022-10-09 18:40:55 info: ======================
2022-10-09 18:40:55 info: MongoDB Connected!
2022-10-09 18:40:55 info: ======================
2022-10-09 18:41:00 info: [0mPOST /new [31m500[0m 249.759 ms - 142[0m
2022-10-09 18:42:31 info: ================================
2022-10-09 18:42:31 info: ======= ENV: development =======
2022-10-09 18:42:31 info: 🚀 App listening on the port 8181
2022-10-09 18:42:31 info: =================================
2022-10-09 18:42:31 info: ======================
2022-10-09 18:42:31 info: MongoDB Connected!
2022-10-09 18:42:31 info: ======================
2022-10-09 18:43:02 info: [0mPOST /new [31m500[0m 218.681 ms - 142[0m
2022-10-09 18:44:03 info: ================================
2022-10-09 18:44:03 info: ======= ENV: development =======
2022-10-09 18:44:03 info: 🚀 App listening on the port 8181
2022-10-09 18:44:03 info: =================================
2022-10-09 18:44:03 info: ======================
2022-10-09 18:44:03 info: MongoDB Connected!
2022-10-09 18:44:03 info: ======================
2022-10-09 18:44:10 info: [0mPOST /new [31m500[0m 226.261 ms - 142[0m
2022-10-09 18:44:45 info: ================================
2022-10-09 18:44:45 info: ======= ENV: development =======
2022-10-09 18:44:45 info: 🚀 App listening on the port 8181
2022-10-09 18:44:45 info: =================================
2022-10-09 18:44:46 info: ======================
2022-10-09 18:44:46 info: MongoDB Connected!
2022-10-09 18:44:46 info: ======================
2022-10-09 18:44:53 info: [0mPOST /new [31m500[0m 210.918 ms - 142[0m
2022-10-09 18:45:56 info: ================================
2022-10-09 18:45:56 info: ======= ENV: development =======
2022-10-09 18:45:56 info: 🚀 App listening on the port 8181
2022-10-09 18:45:56 info: =================================
2022-10-09 18:45:56 info: ======================
2022-10-09 18:45:56 info: MongoDB Connected!
2022-10-09 18:45:56 info: ======================
2022-10-09 18:46:00 info: [0mPOST /new [31m500[0m 194.050 ms - 142[0m
2022-10-09 18:47:04 info: ================================
2022-10-09 18:47:05 info: ======= ENV: development =======
2022-10-09 18:47:05 info: 🚀 App listening on the port 8181
2022-10-09 18:47:05 info: =================================
2022-10-09 18:47:05 info: ======================
2022-10-09 18:47:05 info: MongoDB Connected!
2022-10-09 18:47:05 info: ======================
2022-10-09 18:47:21 info: [0mPOST /new [31m500[0m 187.257 ms - 142[0m
2022-10-09 18:47:26 info: [0mPOST /new [31m500[0m 139.349 ms - 142[0m
2022-10-09 18:48:04 info: ================================
2022-10-09 18:48:04 info: ======= ENV: development =======
2022-10-09 18:48:04 info: 🚀 App listening on the port 8181
2022-10-09 18:48:04 info: =================================
2022-10-09 18:48:04 info: ======================
2022-10-09 18:48:04 info: MongoDB Connected!
2022-10-09 18:48:04 info: ======================
2022-10-09 18:48:10 info: [0mPOST /new [31m500[0m 259.362 ms - 142[0m
2022-10-09 18:48:36 info: ================================
2022-10-09 18:48:36 info: ======= ENV: development =======
2022-10-09 18:48:36 info: 🚀 App listening on the port 8181
2022-10-09 18:48:36 info: =================================
2022-10-09 18:48:36 info: ======================
2022-10-09 18:48:36 info: MongoDB Connected!
2022-10-09 18:48:36 info: ======================
2022-10-09 18:48:41 info: [0mPOST /new [32m201[0m 413.372 ms - 212[0m
2022-10-09 18:49:29 info: ================================
2022-10-09 18:49:29 info: ======= ENV: development =======
2022-10-09 18:49:29 info: 🚀 App listening on the port 8181
2022-10-09 18:49:29 info: =================================
2022-10-09 18:49:29 info: ======================
2022-10-09 18:49:29 info: MongoDB Connected!
2022-10-09 18:49:29 info: ======================
2022-10-09 18:49:34 info: [0mPOST /new [32m201[0m 191.453 ms - 212[0m
2022-10-09 18:49:51 info: [0mPOST /new [32m201[0m 29.121 ms - 212[0m
2022-10-09 18:52:54 info: ================================
2022-10-09 18:52:54 info: ======= ENV: development =======
2022-10-09 18:52:54 info: 🚀 App listening on the port 8181
2022-10-09 18:52:54 info: =================================
2022-10-09 18:52:54 info: ======================
2022-10-09 18:52:54 info: MongoDB Connected!
2022-10-09 18:52:54 info: ======================
2022-10-09 18:58:28 info: ================================
2022-10-09 18:58:28 info: ======= ENV: development =======
2022-10-09 18:58:28 info: 🚀 App listening on the port 8181
2022-10-09 18:58:28 info: =================================
2022-10-09 18:58:29 info: ======================
2022-10-09 18:58:29 info: MongoDB Connected!
2022-10-09 18:58:29 info: ======================
2022-10-09 18:58:38 info: [0mPOST /new [33m400[0m 248.248 ms - 48[0m
2022-10-09 19:01:57 info: ================================
2022-10-09 19:01:57 info: ======= ENV: development =======
2022-10-09 19:01:57 info: 🚀 App listening on the port 8181
2022-10-09 19:01:57 info: =================================
2022-10-09 19:01:57 info: ======================
2022-10-09 19:01:57 info: MongoDB Connected!
2022-10-09 19:01:57 info: ======================
2022-10-09 19:03:09 info: ================================
2022-10-09 19:03:09 info: ======= ENV: development =======
2022-10-09 19:03:09 info: 🚀 App listening on the port 8181
2022-10-09 19:03:09 info: =================================
2022-10-09 19:03:09 info: ======================
2022-10-09 19:03:09 info: MongoDB Connected!
2022-10-09 19:03:09 info: ======================
2022-10-09 19:04:00 info: [0mGET /by-name?name=org%20exemplary [32m200[0m 106.856 ms - 212[0m
2022-10-09 19:05:56 info: ================================
2022-10-09 19:05:56 info: ======= ENV: development =======
2022-10-09 19:05:56 info: 🚀 App listening on the port 8181
2022-10-09 19:05:56 info: =================================
2022-10-09 19:05:56 info: ======================
2022-10-09 19:05:56 info: MongoDB Connected!
2022-10-09 19:05:56 info: ======================
2022-10-09 19:06:47 info: ================================
2022-10-09 19:06:48 info: ======= ENV: development =======
2022-10-09 19:06:48 info: 🚀 App listening on the port 8181
2022-10-09 19:06:48 info: =================================
2022-10-09 19:06:48 info: ======================
2022-10-09 19:06:48 info: MongoDB Connected!
2022-10-09 19:06:48 info: ======================
2022-10-09 19:07:05 info: ================================
2022-10-09 19:07:05 info: ======= ENV: development =======
2022-10-09 19:07:05 info: 🚀 App listening on the port 8181
2022-10-09 19:07:05 info: =================================
2022-10-09 19:07:05 info: ======================
2022-10-09 19:07:05 info: MongoDB Connected!
2022-10-09 19:07:05 info: ======================
2022-10-09 19:07:15 info: [0mGET /by-name?name=org%20exemplary [32m200[0m 94.650 ms - 212[0m
2022-10-09 19:08:06 info: [0mGET /by-name?id=63430979750be2e8cff12b56 [33m404[0m 25.010 ms - 45[0m
2022-10-09 19:08:20 info: [0mGET /by-id?id=63430979750be2e8cff12b56name [31m500[0m 38.204 ms - -[0m
2022-10-09 19:08:24 info: [0mGET /by-id?id=63430979750be2e8cff12b56 [31m500[0m 20.552 ms - -[0m
2022-10-09 19:08:34 info: [0mGET /by-id?id=63430979750be2e8cff12b56 [31m500[0m 9.550 ms - -[0m
2022-10-09 19:09:31 info: ================================
2022-10-09 19:09:31 info: ======= ENV: development =======
2022-10-09 19:09:31 info: 🚀 App listening on the port 8181
2022-10-09 19:09:31 info: =================================
2022-10-09 19:09:31 info: ======================
2022-10-09 19:09:31 info: MongoDB Connected!
2022-10-09 19:09:31 info: ======================
2022-10-09 19:09:40 info: [0mGET /by-id?id=63430979750be2e8cff12b56 [32m200[0m 118.743 ms - 212[0m
2022-10-09 19:10:06 info: ================================
2022-10-09 19:10:07 info: ======= ENV: development =======
2022-10-09 19:10:07 info: 🚀 App listening on the port 8181
2022-10-09 19:10:07 info: =================================
2022-10-09 19:10:07 info: ======================
2022-10-09 19:10:07 info: MongoDB Connected!
2022-10-09 19:10:07 info: ======================
2022-10-09 19:10:26 info: ================================
2022-10-09 19:10:26 info: ======= ENV: development =======
2022-10-09 19:10:26 info: 🚀 App listening on the port 8181
2022-10-09 19:10:26 info: =================================
2022-10-09 19:10:26 info: ======================
2022-10-09 19:10:26 info: MongoDB Connected!
2022-10-09 19:10:26 info: ======================
2022-10-09 19:10:44 info: [0mGET /by-id?id=63430979750be2e8cff12b56 [32m200[0m 96.377 ms - 212[0m
2022-10-09 19:12:09 info: ================================
2022-10-09 19:12:09 info: ======= ENV: development =======
2022-10-09 19:12:09 info: 🚀 App listening on the port 8181
2022-10-09 19:12:09 info: =================================
2022-10-09 19:12:09 info: ======================
2022-10-09 19:12:09 info: MongoDB Connected!
2022-10-09 19:12:09 info: ======================
