2022-10-10 02:11:26 info: ================================
2022-10-10 02:11:26 info: ======= ENV: development =======
2022-10-10 02:11:26 info: 🚀 App listening on the port 8181
2022-10-10 02:11:26 info: =================================
2022-10-10 02:11:31 info: ======================
2022-10-10 02:11:31 info: MongoDB Connected!
2022-10-10 02:11:31 info: ======================
2022-10-10 02:14:33 info: ================================
2022-10-10 02:14:33 info: ======= ENV: development =======
2022-10-10 02:14:33 info: 🚀 App listening on the port 8181
2022-10-10 02:14:33 info: =================================
2022-10-10 02:14:33 info: ======================
2022-10-10 02:14:33 info: MongoDB Connected!
2022-10-10 02:14:33 info: ======================
2022-10-10 02:15:28 info: [0mGET /by-id?id=63430979750be2e8cff12b56 [32m200[0m 1237.476 ms - 212[0m
2022-10-10 02:19:06 info: ================================
2022-10-10 02:19:06 info: ======= ENV: development =======
2022-10-10 02:19:06 info: 🚀 App listening on the port 8181
2022-10-10 02:19:06 info: =================================
2022-10-10 02:19:07 info: ======================
2022-10-10 02:19:07 info: MongoDB Connected!
2022-10-10 02:19:07 info: ======================
2022-10-10 02:19:41 info: [0mPATCH /update [31m500[0m 50.755 ms - -[0m
2022-10-10 02:20:27 info: ================================
2022-10-10 02:20:27 info: ======= ENV: development =======
2022-10-10 02:20:27 info: 🚀 App listening on the port 8181
2022-10-10 02:20:27 info: =================================
2022-10-10 02:20:27 info: ======================
2022-10-10 02:20:27 info: MongoDB Connected!
2022-10-10 02:20:27 info: ======================
2022-10-10 02:20:45 info: [0mPATCH /update [31m500[0m 52.327 ms - -[0m
2022-10-10 02:24:34 info: ================================
2022-10-10 02:24:34 info: ======= ENV: development =======
2022-10-10 02:24:34 info: 🚀 App listening on the port 8181
2022-10-10 02:24:34 info: =================================
2022-10-10 02:24:34 info: ======================
2022-10-10 02:24:34 info: MongoDB Connected!
2022-10-10 02:24:34 info: ======================
2022-10-10 02:24:53 info: [0mPATCH /update [31m500[0m 276.864 ms - 17[0m
2022-10-10 02:25:33 info: [0mGET /by-id?id=63430979750be2e8cff12b56 [32m200[0m 29.732 ms - 212[0m
2022-10-10 02:26:58 info: [0mPATCH /update [31m500[0m 40.061 ms - 17[0m
2022-10-10 02:31:14 info: ================================
2022-10-10 02:31:14 info: ======= ENV: development =======
2022-10-10 02:31:14 info: 🚀 App listening on the port 8181
2022-10-10 02:31:14 info: =================================
2022-10-10 02:31:15 info: ======================
2022-10-10 02:31:15 info: MongoDB Connected!
2022-10-10 02:31:15 info: ======================
2022-10-10 02:31:23 info: [0mPATCH /update [31m500[0m 106.889 ms - 17[0m
2022-10-10 02:31:56 info: [0mGET /by-id?id=63430979750be2e8cff12b56 [32m200[0m 28.555 ms - 212[0m
2022-10-10 02:36:49 info: ================================
2022-10-10 02:36:49 info: ======= ENV: development =======
2022-10-10 02:36:49 info: 🚀 App listening on the port 8181
2022-10-10 02:36:49 info: =================================
2022-10-10 02:36:49 info: ======================
2022-10-10 02:36:49 info: MongoDB Connected!
2022-10-10 02:36:49 info: ======================
2022-10-10 02:36:56 info: [0mPATCH /update [31m500[0m 112.279 ms - 17[0m
2022-10-10 02:37:38 info: [0mPATCH /update [32m200[0m 423.404 ms - 37[0m
2022-10-10 02:37:47 info: [0mGET /by-id?id=63430979750be2e8cff12b56 [32m200[0m 20.356 ms - 207[0m
2022-10-10 02:41:25 info: ================================
2022-10-10 02:41:25 info: ======= ENV: development =======
2022-10-10 02:41:25 info: 🚀 App listening on the port 8181
2022-10-10 02:41:25 info: =================================
2022-10-10 02:41:25 info: ======================
2022-10-10 02:41:25 info: MongoDB Connected!
2022-10-10 02:41:25 info: ======================
2022-10-10 02:45:48 info: ================================
2022-10-10 02:45:48 info: ======= ENV: development =======
2022-10-10 02:45:48 info: 🚀 App listening on the port 8181
2022-10-10 02:45:48 info: =================================
2022-10-10 02:45:48 info: ======================
2022-10-10 02:45:48 info: MongoDB Connected!
2022-10-10 02:45:48 info: ======================
2022-10-10 02:45:55 info: [0mPATCH /update [32m200[0m 232.889 ms - 37[0m
2022-10-10 02:46:01 info: [0mGET /by-id?id=63430979750be2e8cff12b56 [32m200[0m 32.969 ms - 213[0m
2022-10-10 02:51:57 info: ================================
2022-10-10 02:51:57 info: ======= ENV: development =======
2022-10-10 02:51:57 info: 🚀 App listening on the port 8181
2022-10-10 02:51:57 info: =================================
2022-10-10 02:51:57 info: ======================
2022-10-10 02:51:57 info: MongoDB Connected!
2022-10-10 02:51:57 info: ======================
2022-10-10 02:57:44 info: ================================
2022-10-10 02:57:44 info: ======= ENV: development =======
2022-10-10 02:57:44 info: 🚀 App listening on the port 8181
2022-10-10 02:57:44 info: =================================
2022-10-10 02:57:44 info: ======================
2022-10-10 02:57:44 info: MongoDB Connected!
2022-10-10 02:57:44 info: ======================
2022-10-10 03:03:25 info: ================================
2022-10-10 03:03:25 info: ======= ENV: development =======
2022-10-10 03:03:25 info: 🚀 App listening on the port 8181
2022-10-10 03:03:25 info: =================================
2022-10-10 03:03:25 info: ======================
2022-10-10 03:03:25 info: MongoDB Connected!
2022-10-10 03:03:25 info: ======================
2022-10-10 03:06:15 info: [0mPUT /members [32m200[0m 236.863 ms - 37[0m
2022-10-10 03:06:21 info: [0mGET /by-id?id=63430979750be2e8cff12b56 [32m200[0m 33.984 ms - 291[0m
2022-10-10 03:08:20 info: ================================
2022-10-10 03:08:20 info: ======= ENV: development =======
2022-10-10 03:08:20 info: 🚀 App listening on the port 8181
2022-10-10 03:08:20 info: =================================
2022-10-10 03:08:20 info: ======================
2022-10-10 03:08:20 info: MongoDB Connected!
2022-10-10 03:08:20 info: ======================
2022-10-10 03:22:03 info: ================================
2022-10-10 03:22:03 info: ======= ENV: development =======
2022-10-10 03:22:03 info: 🚀 App listening on the port 8181
2022-10-10 03:22:03 info: =================================
2022-10-10 03:22:03 info: ======================
2022-10-10 03:22:03 info: MongoDB Connected!
2022-10-10 03:22:03 info: ======================
2022-10-10 03:29:58 info: ================================
2022-10-10 03:29:58 info: ======= ENV: development =======
2022-10-10 03:29:58 info: 🚀 App listening on the port 8181
2022-10-10 03:29:58 info: =================================
2022-10-10 03:29:58 info: ======================
2022-10-10 03:29:58 info: MongoDB Connected!
2022-10-10 03:29:58 info: ======================
2022-10-10 03:31:18 info: [0mPURGE /members [32m200[0m 205.660 ms - 37[0m
2022-10-10 03:31:25 info: [0mGET /by-id?id=63430979750be2e8cff12b56 [32m200[0m 70.054 ms - 291[0m
2022-10-10 03:32:04 info: [0mGET /by-id?id=63430979750be2e8cff12b56 [32m200[0m 13.691 ms - 291[0m
2022-10-10 03:32:17 info: [0mPURGE /members [32m200[0m 103.277 ms - 37[0m
2022-10-10 03:32:54 info: ================================
2022-10-10 03:32:54 info: ======= ENV: development =======
2022-10-10 03:32:54 info: 🚀 App listening on the port 8181
2022-10-10 03:32:54 info: =================================
2022-10-10 03:32:54 info: ======================
2022-10-10 03:32:54 info: MongoDB Connected!
2022-10-10 03:32:54 info: ======================
2022-10-10 03:33:03 info: [0mPURGE /members [32m200[0m 184.900 ms - 37[0m
2022-10-10 03:33:08 info: [0mGET /by-id?id=63430979750be2e8cff12b56 [32m200[0m 19.217 ms - 291[0m
2022-10-10 03:35:21 info: [0mPURGE /members [32m200[0m 28.915 ms - 37[0m
2022-10-10 03:35:29 info: [0mGET /by-id?id=63430979750be2e8cff12b56 [32m200[0m 23.962 ms - 291[0m
2022-10-10 03:38:21 info: ================================
2022-10-10 03:38:21 info: ======= ENV: development =======
2022-10-10 03:38:21 info: 🚀 App listening on the port 8181
2022-10-10 03:38:21 info: =================================
2022-10-10 03:38:21 info: ======================
2022-10-10 03:38:21 info: MongoDB Connected!
2022-10-10 03:38:21 info: ======================
2022-10-10 03:47:43 info: ================================
2022-10-10 03:47:43 info: ======= ENV: development =======
2022-10-10 03:47:43 info: 🚀 App listening on the port 8181
2022-10-10 03:47:43 info: =================================
2022-10-10 03:47:43 info: ======================
2022-10-10 03:47:43 info: MongoDB Connected!
2022-10-10 03:47:43 info: ======================
2022-10-10 03:49:16 info: ================================
2022-10-10 03:49:16 info: ======= ENV: development =======
2022-10-10 03:49:16 info: 🚀 App listening on the port 8181
2022-10-10 03:49:16 info: =================================
2022-10-10 03:49:16 info: ======================
2022-10-10 03:49:16 info: MongoDB Connected!
2022-10-10 03:49:16 info: ======================
2022-10-10 03:49:47 info: [0mDELETE /remove/63430979750be2e8cff12b56 [32m200[0m 106.248 ms - 37[0m
2022-10-10 03:49:56 info: [0mGET /by-id?id=63430979750be2e8cff12b56 [33m404[0m 39.580 ms - 45[0m
2022-10-10 03:57:04 info: ================================
2022-10-10 03:57:04 info: ======= ENV: development =======
2022-10-10 03:57:04 info: 🚀 App listening on the port 8181
2022-10-10 03:57:04 info: =================================
2022-10-10 03:57:05 info: ======================
2022-10-10 03:57:05 info: MongoDB Connected!
2022-10-10 03:57:05 info: ======================
2022-10-10 03:57:48 info: ================================
2022-10-10 03:57:48 info: ======= ENV: development =======
2022-10-10 03:57:48 info: 🚀 App listening on the port 8181
2022-10-10 03:57:48 info: =================================
2022-10-10 03:57:48 info: ======================
2022-10-10 03:57:48 info: MongoDB Connected!
2022-10-10 03:57:48 info: ======================
2022-10-10 03:58:20 info: ================================
2022-10-10 03:58:20 info: ======= ENV: development =======
2022-10-10 03:58:20 info: 🚀 App listening on the port 8181
2022-10-10 03:58:20 info: =================================
2022-10-10 03:58:21 info: ======================
2022-10-10 03:58:21 info: MongoDB Connected!
2022-10-10 03:58:21 info: ======================
2022-10-10 04:01:35 info: [0mPOST /new [33m400[0m 403.154 ms - 48[0m
2022-10-10 04:02:57 info: ================================
2022-10-10 04:02:57 info: ======= ENV: development =======
2022-10-10 04:02:57 info: 🚀 App listening on the port 8181
2022-10-10 04:02:57 info: =================================
2022-10-10 04:02:57 info: ======================
2022-10-10 04:02:57 info: MongoDB Connected!
2022-10-10 04:02:57 info: ======================
2022-10-10 04:03:26 info: [0mGET /by-name?name=org%20exemplary [32m200[0m 352.084 ms - 212[0m
2022-10-10 04:03:43 info: [0mPUT /executives [32m200[0m 462.785 ms - 37[0m
2022-10-10 04:04:41 info: [0mGET /by-id?id=634309aeb9647a3452bc6ec7 [32m200[0m 24.512 ms - 212[0m
2022-10-10 04:06:08 info: ================================
2022-10-10 04:06:08 info: ======= ENV: development =======
2022-10-10 04:06:08 info: 🚀 App listening on the port 8181
2022-10-10 04:06:08 info: =================================
2022-10-10 04:06:08 info: ======================
2022-10-10 04:06:08 info: MongoDB Connected!
2022-10-10 04:06:08 info: ======================
2022-10-10 04:08:19 info: ================================
2022-10-10 04:08:19 info: ======= ENV: development =======
2022-10-10 04:08:19 info: 🚀 App listening on the port 8181
2022-10-10 04:08:19 info: =================================
2022-10-10 04:08:19 info: ======================
2022-10-10 04:08:19 info: MongoDB Connected!
2022-10-10 04:08:19 info: ======================
2022-10-10 04:08:29 info: [0mPUT /executives [32m200[0m 289.788 ms - 37[0m
2022-10-10 04:08:34 info: [0mGET /by-id?id=634309aeb9647a3452bc6ec7 [32m200[0m 35.636 ms - 290[0m
2022-10-10 04:09:01 info: [0mPUT /members [32m200[0m 20.241 ms - 37[0m
2022-10-10 04:09:09 info: [0mGET /by-id?id=634309aeb9647a3452bc6ec7 [32m200[0m 14.160 ms - 368[0m
2022-10-10 04:09:21 info: [0mPURGE /members [32m200[0m 205.573 ms - 37[0m
2022-10-10 04:09:26 info: [0mGET /by-id?id=634309aeb9647a3452bc6ec7 [32m200[0m 14.070 ms - 252[0m
2022-10-10 04:10:31 info: ================================
2022-10-10 04:10:31 info: ======= ENV: development =======
2022-10-10 04:10:31 info: 🚀 App listening on the port 8181
2022-10-10 04:10:31 info: =================================
2022-10-10 04:10:32 info: ======================
2022-10-10 04:10:32 info: MongoDB Connected!
2022-10-10 04:10:32 info: ======================
2022-10-10 04:11:09 info: ================================
2022-10-10 04:11:09 info: ======= ENV: development =======
2022-10-10 04:11:09 info: 🚀 App listening on the port 8181
2022-10-10 04:11:09 info: =================================
2022-10-10 04:11:10 info: ======================
2022-10-10 04:11:10 info: MongoDB Connected!
2022-10-10 04:11:10 info: ======================
2022-10-10 04:12:26 info: ================================
2022-10-10 04:12:26 info: ======= ENV: development =======
2022-10-10 04:12:26 info: 🚀 App listening on the port 8181
2022-10-10 04:12:26 info: =================================
2022-10-10 04:12:26 info: ======================
2022-10-10 04:12:26 info: MongoDB Connected!
2022-10-10 04:12:26 info: ======================
2022-10-10 04:12:40 info: [0mPURGE /executives [32m200[0m 202.299 ms - 37[0m
2022-10-10 04:12:47 info: [0mGET /by-id?id=634309aeb9647a3452bc6ec7 [32m200[0m 44.881 ms - 136[0m
2022-10-10 04:13:02 info: [0mPUT /executives [32m200[0m 83.855 ms - 37[0m
2022-10-10 04:13:09 info: [0mPUT /members [32m200[0m 19.811 ms - 37[0m
2022-10-10 04:13:16 info: [0mGET /by-id?id=634309aeb9647a3452bc6ec7 [32m200[0m 26.208 ms - 251[0m
2022-10-10 04:14:48 info: ================================
2022-10-10 04:14:48 info: ======= ENV: development =======
2022-10-10 04:14:48 info: 🚀 App listening on the port 8181
2022-10-10 04:14:48 info: =================================
2022-10-10 04:14:48 info: ======================
2022-10-10 04:14:48 info: MongoDB Connected!
2022-10-10 04:14:48 info: ======================
2022-10-10 04:15:43 info: ================================
2022-10-10 04:15:43 info: ======= ENV: development =======
2022-10-10 04:15:43 info: 🚀 App listening on the port 8181
2022-10-10 04:15:43 info: =================================
2022-10-10 04:15:43 info: ======================
2022-10-10 04:15:43 info: MongoDB Connected!
2022-10-10 04:15:43 info: ======================
2022-10-10 04:24:02 info: ================================
2022-10-10 04:24:02 info: ======= ENV: development =======
2022-10-10 04:24:02 info: 🚀 App listening on the port 8181
2022-10-10 04:24:02 info: =================================
2022-10-10 04:24:03 info: ======================
2022-10-10 04:24:03 info: MongoDB Connected!
2022-10-10 04:24:03 info: ======================
2022-10-10 04:24:25 info: ================================
2022-10-10 04:24:25 info: ======= ENV: development =======
2022-10-10 04:24:25 info: 🚀 App listening on the port 8181
2022-10-10 04:24:25 info: =================================
2022-10-10 04:24:25 info: ======================
2022-10-10 04:24:25 info: MongoDB Connected!
2022-10-10 04:24:25 info: ======================
2022-10-10 04:28:04 info: ================================
2022-10-10 04:28:04 info: ======= ENV: development =======
2022-10-10 04:28:04 info: 🚀 App listening on the port 8181
2022-10-10 04:28:04 info: =================================
2022-10-10 04:28:04 info: ======================
2022-10-10 04:28:04 info: MongoDB Connected!
2022-10-10 04:28:04 info: ======================
2022-10-10 04:32:45 info: ================================
2022-10-10 04:32:45 info: ======= ENV: development =======
2022-10-10 04:32:45 info: 🚀 App listening on the port 8181
2022-10-10 04:32:45 info: =================================
2022-10-10 04:32:45 info: ======================
2022-10-10 04:32:45 info: MongoDB Connected!
2022-10-10 04:32:45 info: ======================
2022-10-10 04:34:31 info: ================================
2022-10-10 04:34:31 info: ======= ENV: development =======
2022-10-10 04:34:31 info: 🚀 App listening on the port 8181
2022-10-10 04:34:31 info: =================================
2022-10-10 04:34:31 info: ======================
2022-10-10 04:34:31 info: MongoDB Connected!
2022-10-10 04:34:31 info: ======================
2022-10-10 04:38:28 info: ================================
2022-10-10 04:38:28 info: ======= ENV: development =======
2022-10-10 04:38:28 info: 🚀 App listening on the port 8181
2022-10-10 04:38:28 info: =================================
2022-10-10 04:38:28 info: ======================
2022-10-10 04:38:28 info: MongoDB Connected!
2022-10-10 04:38:28 info: ======================
2022-10-10 04:40:58 info: ================================
2022-10-10 04:40:58 info: ======= ENV: development =======
2022-10-10 04:40:58 info: 🚀 App listening on the port 8181
2022-10-10 04:40:58 info: =================================
2022-10-10 04:40:58 info: ======================
2022-10-10 04:40:58 info: MongoDB Connected!
2022-10-10 04:40:58 info: ======================
2022-10-10 04:50:35 info: ================================
2022-10-10 04:50:35 info: ======= ENV: development =======
2022-10-10 04:50:35 info: 🚀 App listening on the port 8181
2022-10-10 04:50:35 info: =================================
2022-10-10 04:50:35 info: ======================
2022-10-10 04:50:35 info: MongoDB Connected!
2022-10-10 04:50:35 info: ======================
2022-10-10 04:51:24 info: ================================
2022-10-10 04:51:24 info: ======= ENV: development =======
2022-10-10 04:51:24 info: 🚀 App listening on the port 8181
2022-10-10 04:51:24 info: =================================
2022-10-10 04:51:24 info: ======================
2022-10-10 04:51:24 info: MongoDB Connected!
2022-10-10 04:51:24 info: ======================
2022-10-10 04:53:46 info: ================================
2022-10-10 04:53:46 info: ======= ENV: development =======
2022-10-10 04:53:46 info: 🚀 App listening on the port 8181
2022-10-10 04:53:46 info: =================================
2022-10-10 04:53:46 info: ======================
2022-10-10 04:53:46 info: MongoDB Connected!
2022-10-10 04:53:46 info: ======================
2022-10-10 04:54:06 info: ================================
2022-10-10 04:54:07 info: ======= ENV: development =======
2022-10-10 04:54:07 info: 🚀 App listening on the port 8181
2022-10-10 04:54:07 info: =================================
2022-10-10 04:54:07 info: ======================
2022-10-10 04:54:07 info: MongoDB Connected!
2022-10-10 04:54:07 info: ======================
2022-10-10 04:54:52 info: ================================
2022-10-10 04:54:52 info: ======= ENV: development =======
2022-10-10 04:54:52 info: 🚀 App listening on the port 8181
2022-10-10 04:54:52 info: =================================
2022-10-10 04:54:52 info: ======================
2022-10-10 04:54:52 info: MongoDB Connected!
2022-10-10 04:54:52 info: ======================
2022-10-10 04:55:24 info: ================================
2022-10-10 04:55:24 info: ======= ENV: development =======
2022-10-10 04:55:24 info: 🚀 App listening on the port 8181
2022-10-10 04:55:24 info: =================================
2022-10-10 04:55:24 info: ======================
2022-10-10 04:55:24 info: MongoDB Connected!
2022-10-10 04:55:24 info: ======================
2022-10-10 04:59:29 info: ================================
2022-10-10 04:59:29 info: ======= ENV: development =======
2022-10-10 04:59:29 info: 🚀 App listening on the port 8181
2022-10-10 04:59:29 info: =================================
2022-10-10 04:59:29 info: ======================
2022-10-10 04:59:29 info: MongoDB Connected!
2022-10-10 04:59:29 info: ======================
2022-10-10 05:00:37 info: ================================
2022-10-10 05:00:37 info: ======= ENV: development =======
2022-10-10 05:00:37 info: 🚀 App listening on the port 8181
2022-10-10 05:00:37 info: =================================
2022-10-10 05:00:38 info: ======================
2022-10-10 05:00:38 info: MongoDB Connected!
2022-10-10 05:00:38 info: ======================
2022-10-10 05:02:48 info: [0mPOST /info/resource [31m500[0m 725.062 ms - 142[0m
2022-10-10 05:03:03 info: [0mPOST /info/resource [32m201[0m 66.322 ms - 30[0m
2022-10-10 05:07:37 info: ================================
2022-10-10 05:07:37 info: ======= ENV: development =======
2022-10-10 05:07:37 info: 🚀 App listening on the port 8181
2022-10-10 05:07:37 info: =================================
2022-10-10 05:07:38 info: ======================
2022-10-10 05:07:38 info: MongoDB Connected!
2022-10-10 05:07:38 info: ======================
2022-10-10 05:11:07 info: ================================
2022-10-10 05:11:07 info: ======= ENV: development =======
2022-10-10 05:11:07 info: 🚀 App listening on the port 8181
2022-10-10 05:11:07 info: =================================
2022-10-10 05:11:07 info: ======================
2022-10-10 05:11:07 info: MongoDB Connected!
2022-10-10 05:11:07 info: ======================
2022-10-10 05:11:36 info: [0mPOST /info/resource [32m201[0m 115.740 ms - 30[0m
2022-10-10 05:12:35 info: ================================
2022-10-10 05:12:35 info: ======= ENV: development =======
2022-10-10 05:12:35 info: 🚀 App listening on the port 8181
2022-10-10 05:12:35 info: =================================
2022-10-10 05:12:35 info: ======================
2022-10-10 05:12:35 info: MongoDB Connected!
2022-10-10 05:12:35 info: ======================
2022-10-10 05:29:29 info: ================================
2022-10-10 05:29:29 info: ======= ENV: development =======
2022-10-10 05:29:29 info: 🚀 App listening on the port 8181
2022-10-10 05:29:29 info: =================================
2022-10-10 05:29:29 info: ======================
2022-10-10 05:29:29 info: MongoDB Connected!
2022-10-10 05:29:29 info: ======================
2022-10-10 05:33:56 info: ================================
2022-10-10 05:33:56 info: ======= ENV: development =======
2022-10-10 05:33:56 info: 🚀 App listening on the port 8181
2022-10-10 05:33:56 info: =================================
2022-10-10 05:33:56 info: ======================
2022-10-10 05:33:56 info: MongoDB Connected!
2022-10-10 05:33:56 info: ======================
2022-10-10 05:34:27 info: [0mPOST /info/resource [32m201[0m 106.514 ms - 30[0m
2022-10-10 05:35:04 info: [0mPOST /info/resource [32m201[0m 39.417 ms - 30[0m
2022-10-10 05:36:13 info: ================================
2022-10-10 05:36:13 info: ======= ENV: development =======
2022-10-10 05:36:13 info: 🚀 App listening on the port 8181
2022-10-10 05:36:13 info: =================================
2022-10-10 05:36:13 info: ======================
2022-10-10 05:36:13 info: MongoDB Connected!
2022-10-10 05:36:13 info: ======================
2022-10-10 05:37:33 info: [0mGET /info/resources?title=assignment&pageNo=1&pageSize=5&sortBy=oldest&orgId=634309aeb9647a3452bc6ec7 [32m200[0m 243.559 ms - 794[0m
2022-10-10 05:38:31 info: [0mGET /info/resources?title=compulsory&pageNo=1&pageSize=5&sortBy=oldest&orgId=634309aeb9647a3452bc6ec7 [32m200[0m 39.608 ms - 63[0m
2022-10-10 05:38:41 info: [0mGET /info/resources?title=com&pageNo=1&pageSize=5&sortBy=oldest&orgId=634309aeb9647a3452bc6ec7 [32m200[0m 21.330 ms - 743[0m
2022-10-10 05:38:56 info: [0mGET /info/resources?pageNo=1&pageSize=5&sortBy=oldest&orgId=634309aeb9647a3452bc6ec7 [31m500[0m 45.451 ms - -[0m
2022-10-10 05:39:33 info: ================================
2022-10-10 05:39:33 info: ======= ENV: development =======
2022-10-10 05:39:33 info: 🚀 App listening on the port 8181
2022-10-10 05:39:33 info: =================================
2022-10-10 05:39:33 info: ======================
2022-10-10 05:39:33 info: MongoDB Connected!
2022-10-10 05:39:33 info: ======================
2022-10-10 05:39:38 info: [0mGET /info/resources?pageNo=1&pageSize=5&sortBy=oldest&orgId=634309aeb9647a3452bc6ec7 [32m200[0m 140.454 ms - -[0m
2022-10-10 05:39:53 info: [0mGET /info/resources?pageNo=1&pageSize=3&sortBy=oldest&orgId=634309aeb9647a3452bc6ec7 [32m200[0m 31.094 ms - -[0m
2022-10-10 05:40:08 info: [0mGET /info/resources?pageNo=2&pageSize=3&sortBy=oldest&orgId=634309aeb9647a3452bc6ec7 [32m200[0m 29.789 ms - 424[0m
2022-10-10 05:40:25 info: [0mGET /info/resources?pageNo=1&pageSize=3&orgId=634309aeb9647a3452bc6ec7 [31m500[0m 34.924 ms - -[0m
2022-10-10 05:40:55 info: ================================
2022-10-10 05:40:55 info: ======= ENV: development =======
2022-10-10 05:40:55 info: 🚀 App listening on the port 8181
2022-10-10 05:40:55 info: =================================
2022-10-10 05:40:55 info: ======================
2022-10-10 05:40:55 info: MongoDB Connected!
2022-10-10 05:40:55 info: ======================
2022-10-10 05:41:12 info: ================================
2022-10-10 05:41:13 info: ======= ENV: development =======
2022-10-10 05:41:13 info: 🚀 App listening on the port 8181
2022-10-10 05:41:13 info: =================================
2022-10-10 05:41:13 info: ======================
2022-10-10 05:41:13 info: MongoDB Connected!
2022-10-10 05:41:13 info: ======================
2022-10-10 05:41:16 info: [0mGET /info/resources?pageNo=1&pageSize=3&orgId=634309aeb9647a3452bc6ec7 [32m200[0m 320.332 ms - -[0m
2022-10-10 05:44:37 info: ================================
2022-10-10 05:44:37 info: ======= ENV: development =======
2022-10-10 05:44:37 info: 🚀 App listening on the port 8181
2022-10-10 05:44:37 info: =================================
2022-10-10 05:44:37 info: ======================
2022-10-10 05:44:37 info: MongoDB Connected!
2022-10-10 05:44:37 info: ======================
2022-10-10 05:46:11 info: ================================
2022-10-10 05:46:12 info: ======= ENV: development =======
2022-10-10 05:46:12 info: 🚀 App listening on the port 8181
2022-10-10 05:46:12 info: =================================
2022-10-10 05:46:12 info: ======================
2022-10-10 05:46:12 info: MongoDB Connected!
2022-10-10 05:46:12 info: ======================
2022-10-10 05:48:17 info: ================================
2022-10-10 05:48:17 info: ======= ENV: development =======
2022-10-10 05:48:17 info: 🚀 App listening on the port 8181
2022-10-10 05:48:17 info: =================================
2022-10-10 05:48:17 info: ======================
2022-10-10 05:48:17 info: MongoDB Connected!
2022-10-10 05:48:17 info: ======================
2022-10-10 05:50:49 info: [0mGET /info/resource?orgId=634309aeb9647a3452bc6ec7&infoId=6343a0f88451ba9d53659d8b [32m200[0m 115.048 ms - 389[0m
2022-10-10 05:51:53 info: ================================
2022-10-10 05:51:53 info: ======= ENV: development =======
2022-10-10 05:51:53 info: 🚀 App listening on the port 8181
2022-10-10 05:51:53 info: =================================
2022-10-10 05:51:53 info: ======================
2022-10-10 05:51:53 info: MongoDB Connected!
2022-10-10 05:51:53 info: ======================
2022-10-10 05:52:03 info: [0mGET /info/resource?orgId=634309aeb9647a3452bc6ec7&infoId=6343a0f88451ba9d53659d8b [32m200[0m 117.690 ms - 354[0m
2022-10-10 05:52:45 info: ================================
2022-10-10 05:52:45 info: ======= ENV: development =======
2022-10-10 05:52:45 info: 🚀 App listening on the port 8181
2022-10-10 05:52:45 info: =================================
2022-10-10 05:52:45 info: ======================
2022-10-10 05:52:45 info: MongoDB Connected!
2022-10-10 05:52:45 info: ======================
2022-10-10 05:52:52 info: [0mGET /info/resource?orgId=634309aeb9647a3452bc6ec7&infoId=6343a0f88451ba9d53659d8b [31m500[0m 87.657 ms - -[0m
2022-10-10 05:53:22 info: ================================
2022-10-10 05:53:22 info: ======= ENV: development =======
2022-10-10 05:53:22 info: 🚀 App listening on the port 8181
2022-10-10 05:53:22 info: =================================
2022-10-10 05:53:22 info: ======================
2022-10-10 05:53:22 info: MongoDB Connected!
2022-10-10 05:53:22 info: ======================
2022-10-10 05:55:21 info: ================================
2022-10-10 05:55:21 info: ======= ENV: development =======
2022-10-10 05:55:21 info: 🚀 App listening on the port 8181
2022-10-10 05:55:21 info: =================================
2022-10-10 05:55:21 info: ======================
2022-10-10 05:55:21 info: MongoDB Connected!
2022-10-10 05:55:21 info: ======================
2022-10-10 05:58:35 info: ================================
2022-10-10 05:58:35 info: ======= ENV: development =======
2022-10-10 05:58:35 info: 🚀 App listening on the port 8181
2022-10-10 05:58:35 info: =================================
2022-10-10 05:58:35 info: ======================
2022-10-10 05:58:35 info: MongoDB Connected!
2022-10-10 05:58:35 info: ======================
2022-10-10 05:59:21 info: ================================
2022-10-10 05:59:21 info: ======= ENV: development =======
2022-10-10 05:59:21 info: 🚀 App listening on the port 8181
2022-10-10 05:59:21 info: =================================
2022-10-10 05:59:21 info: ======================
2022-10-10 05:59:21 info: MongoDB Connected!
2022-10-10 05:59:21 info: ======================
2022-10-10 05:59:31 info: [0mGET /info/resource?orgId=634309aeb9647a3452bc6ec7&infoId=6343a0f88451ba9d53659d8b [32m200[0m 99.950 ms - 354[0m
2022-10-10 06:00:41 info: ================================
2022-10-10 06:00:41 info: ======= ENV: development =======
2022-10-10 06:00:41 info: 🚀 App listening on the port 8181
2022-10-10 06:00:41 info: =================================
2022-10-10 06:00:41 info: ======================
2022-10-10 06:00:41 info: MongoDB Connected!
2022-10-10 06:00:41 info: ======================
2022-10-10 06:01:22 info: [0mPOST /info/resource [32m201[0m 106.913 ms - 30[0m
2022-10-10 06:01:46 info: ================================
2022-10-10 06:01:46 info: ======= ENV: development =======
2022-10-10 06:01:46 info: 🚀 App listening on the port 8181
2022-10-10 06:01:46 info: =================================
2022-10-10 06:01:47 info: ======================
2022-10-10 06:01:47 info: MongoDB Connected!
2022-10-10 06:01:47 info: ======================
2022-10-10 06:01:59 info: [0mPATCH /info/resource [31m500[0m 1018.776 ms - 45[0m
2022-10-10 06:02:24 info: [0mGET /info/resource?orgId=634309aeb9647a3452bc6ec7&infoId=6343a0f88451ba9d53659d8b [32m200[0m 46.890 ms - 354[0m
2022-10-10 06:03:39 info: ================================
2022-10-10 06:03:39 info: ======= ENV: development =======
2022-10-10 06:03:39 info: 🚀 App listening on the port 8181
2022-10-10 06:03:39 info: =================================
2022-10-10 06:03:40 info: ======================
2022-10-10 06:03:40 info: MongoDB Connected!
2022-10-10 06:03:40 info: ======================
2022-10-10 06:04:00 info: ================================
2022-10-10 06:04:00 info: ======= ENV: development =======
2022-10-10 06:04:00 info: 🚀 App listening on the port 8181
2022-10-10 06:04:00 info: =================================
2022-10-10 06:04:00 info: ======================
2022-10-10 06:04:00 info: MongoDB Connected!
2022-10-10 06:04:00 info: ======================
2022-10-10 06:04:06 info: [0mPATCH /info/resource [32m200[0m 150.736 ms - 37[0m
2022-10-10 06:04:13 info: [0mGET /info/resource?orgId=634309aeb9647a3452bc6ec7&infoId=6343a0f88451ba9d53659d8b [32m200[0m 48.131 ms - 354[0m
2022-10-10 06:04:23 info: [0mPATCH /info/resource [32m200[0m 28.318 ms - 37[0m
2022-10-10 06:04:27 info: [0mGET /info/resource?orgId=634309aeb9647a3452bc6ec7&infoId=6343a0f88451ba9d53659d8b [32m200[0m 36.172 ms - 354[0m
2022-10-10 06:05:12 info: ================================
2022-10-10 06:05:12 info: ======= ENV: development =======
2022-10-10 06:05:12 info: 🚀 App listening on the port 8181
2022-10-10 06:05:12 info: =================================
2022-10-10 06:05:12 info: ======================
2022-10-10 06:05:12 info: MongoDB Connected!
2022-10-10 06:05:12 info: ======================
2022-10-10 06:05:17 info: [0mGET /info/resource?orgId=634309aeb9647a3452bc6ec7&infoId=6343a0f88451ba9d53659d8b [32m200[0m 84.805 ms - 354[0m
2022-10-10 06:05:21 info: [0mPATCH /info/resource [32m200[0m 76.061 ms - 37[0m
2022-10-10 06:05:26 info: [0mGET /info/resource?orgId=634309aeb9647a3452bc6ec7&infoId=6343a0f88451ba9d53659d8b [32m200[0m 37.533 ms - 354[0m
2022-10-10 06:05:45 info: ================================
2022-10-10 06:05:45 info: ======= ENV: development =======
2022-10-10 06:05:45 info: 🚀 App listening on the port 8181
2022-10-10 06:05:45 info: =================================
2022-10-10 06:05:45 info: ======================
2022-10-10 06:05:45 info: MongoDB Connected!
2022-10-10 06:05:45 info: ======================
2022-10-10 06:06:10 info: ================================
2022-10-10 06:06:10 info: ======= ENV: development =======
2022-10-10 06:06:10 info: 🚀 App listening on the port 8181
2022-10-10 06:06:10 info: =================================
2022-10-10 06:06:10 info: ======================
2022-10-10 06:06:10 info: MongoDB Connected!
2022-10-10 06:06:10 info: ======================
2022-10-10 06:06:14 info: [0mPATCH /info/resource [32m200[0m 138.407 ms - 37[0m
2022-10-10 06:06:18 info: [0mGET /info/resource?orgId=634309aeb9647a3452bc6ec7&infoId=6343a0f88451ba9d53659d8b [32m200[0m 39.765 ms - 354[0m
2022-10-10 06:06:40 info: ================================
2022-10-10 06:06:40 info: ======= ENV: development =======
2022-10-10 06:06:40 info: 🚀 App listening on the port 8181
2022-10-10 06:06:40 info: =================================
2022-10-10 06:06:40 info: ======================
2022-10-10 06:06:40 info: MongoDB Connected!
2022-10-10 06:06:40 info: ======================
2022-10-10 06:07:01 info: ================================
2022-10-10 06:07:01 info: ======= ENV: development =======
2022-10-10 06:07:01 info: 🚀 App listening on the port 8181
2022-10-10 06:07:01 info: =================================
2022-10-10 06:07:01 info: ======================
2022-10-10 06:07:01 info: MongoDB Connected!
2022-10-10 06:07:01 info: ======================
2022-10-10 06:07:07 info: [0mGET /info/resource?orgId=634309aeb9647a3452bc6ec7&infoId=6343a0f88451ba9d53659d8b [32m200[0m 133.983 ms - 354[0m
2022-10-10 06:07:11 info: [0mPATCH /info/resource [32m200[0m 87.299 ms - 37[0m
2022-10-10 06:07:16 info: [0mGET /info/resource?orgId=634309aeb9647a3452bc6ec7&infoId=6343a0f88451ba9d53659d8b [32m200[0m 19.635 ms - 354[0m
2022-10-10 06:08:33 info: ================================
2022-10-10 06:08:33 info: ======= ENV: development =======
2022-10-10 06:08:33 info: 🚀 App listening on the port 8181
2022-10-10 06:08:33 info: =================================
2022-10-10 06:08:33 info: ======================
2022-10-10 06:08:33 info: MongoDB Connected!
2022-10-10 06:08:33 info: ======================
2022-10-10 06:08:42 info: [0mGET /info/resource?orgId=634309aeb9647a3452bc6ec7&infoId=6343a0f88451ba9d53659d8b [32m200[0m 93.847 ms - 354[0m
2022-10-10 06:08:47 info: [0mPATCH /info/resource [32m200[0m 93.366 ms - 37[0m
2022-10-10 06:09:21 info: ================================
2022-10-10 06:09:21 info: ======= ENV: development =======
2022-10-10 06:09:21 info: 🚀 App listening on the port 8181
2022-10-10 06:09:21 info: =================================
2022-10-10 06:09:21 info: ======================
2022-10-10 06:09:21 info: MongoDB Connected!
2022-10-10 06:09:21 info: ======================
2022-10-10 06:09:24 info: [0mGET /info/resources?pageNo=1&pageSize=10&sortBy=oldest&orgId=634309aeb9647a3452bc6ec7 [32m200[0m 127.032 ms - -[0m
2022-10-10 06:10:36 info: [0mPATCH /info/resource [32m200[0m 267.982 ms - 37[0m
2022-10-10 06:10:41 info: [0mGET /info/resource?orgId=634309aeb9647a3452bc6ec7&infoId=6343a0f88451ba9d53659d8b [32m200[0m 28.950 ms - 355[0m
2022-10-10 06:15:18 info: ================================
2022-10-10 06:15:18 info: ======= ENV: development =======
2022-10-10 06:15:18 info: 🚀 App listening on the port 8181
2022-10-10 06:15:18 info: =================================
2022-10-10 06:15:18 info: ======================
2022-10-10 06:15:18 info: MongoDB Connected!
2022-10-10 06:15:18 info: ======================
2022-10-10 06:19:02 info: ================================
2022-10-10 06:19:02 info: ======= ENV: development =======
2022-10-10 06:19:02 info: 🚀 App listening on the port 8181
2022-10-10 06:19:02 info: =================================
2022-10-10 06:19:02 info: ======================
2022-10-10 06:19:02 info: MongoDB Connected!
2022-10-10 06:19:02 info: ======================
2022-10-10 06:19:25 info: ================================
2022-10-10 06:19:25 info: ======= ENV: development =======
2022-10-10 06:19:25 info: 🚀 App listening on the port 8181
2022-10-10 06:19:25 info: =================================
2022-10-10 06:19:25 info: ======================
2022-10-10 06:19:25 info: MongoDB Connected!
2022-10-10 06:19:25 info: ======================
2022-10-10 06:20:08 info: [0mDELETE /info/resource/63439b78ddfa25926863bada [33m404[0m 34.459 ms - 180[0m
2022-10-10 06:20:50 info: ================================
2022-10-10 06:20:50 info: ======= ENV: development =======
2022-10-10 06:20:50 info: 🚀 App listening on the port 8181
2022-10-10 06:20:50 info: =================================
2022-10-10 06:20:50 info: ======================
2022-10-10 06:20:50 info: MongoDB Connected!
2022-10-10 06:20:50 info: ======================
2022-10-10 06:20:59 info: [0mDELETE /info/resource/63439b78ddfa25926863bada [32m200[0m 147.915 ms - 20[0m
2022-10-10 06:21:12 info: [0mDELETE /info/resource/63439b78ddfa25926863bada [31m500[0m 45.785 ms - 522[0m
2022-10-10 06:21:49 info: ================================
2022-10-10 06:21:49 info: ======= ENV: development =======
2022-10-10 06:21:49 info: 🚀 App listening on the port 8181
2022-10-10 06:21:49 info: =================================
2022-10-10 06:21:49 info: ======================
2022-10-10 06:21:49 info: MongoDB Connected!
2022-10-10 06:21:49 info: ======================
2022-10-10 06:21:54 info: [0mDELETE /info/resource/63439b78ddfa25926863bada [32m200[0m 90.445 ms - 20[0m
2022-10-10 06:22:07 info: [0mGET /info/resource?orgId=634309aeb9647a3452bc6ec7&infoId=63439b78ddfa25926863bada [33m404[0m 26.054 ms - 45[0m
2022-10-10 06:32:01 info: ================================
2022-10-10 06:32:01 info: ======= ENV: development =======
2022-10-10 06:32:01 info: 🚀 App listening on the port 8181
2022-10-10 06:32:02 info: =================================
2022-10-10 06:32:02 info: ======================
2022-10-10 06:32:02 info: MongoDB Connected!
2022-10-10 06:32:02 info: ======================
2022-10-10 06:34:36 info: ================================
2022-10-10 06:34:36 info: ======= ENV: development =======
2022-10-10 06:34:36 info: 🚀 App listening on the port 8181
2022-10-10 06:34:36 info: =================================
2022-10-10 06:34:36 info: ======================
2022-10-10 06:34:36 info: MongoDB Connected!
2022-10-10 06:34:36 info: ======================
2022-10-10 06:35:14 info: ================================
2022-10-10 06:35:14 info: ======= ENV: development =======
2022-10-10 06:35:14 info: 🚀 App listening on the port 8181
2022-10-10 06:35:14 info: =================================
2022-10-10 06:35:14 info: ======================
2022-10-10 06:35:14 info: MongoDB Connected!
2022-10-10 06:35:14 info: ======================
2022-10-10 06:36:24 info: [0mPATCH /info/add-view [31m500[0m 253.680 ms - 523[0m
2022-10-10 06:37:07 info: ================================
2022-10-10 06:37:07 info: ======= ENV: development =======
2022-10-10 06:37:07 info: 🚀 App listening on the port 8181
2022-10-10 06:37:07 info: =================================
2022-10-10 06:37:08 info: ======================
2022-10-10 06:37:08 info: MongoDB Connected!
2022-10-10 06:37:08 info: ======================
2022-10-10 06:37:13 info: [0mPATCH /info/add-view [32m200[0m 297.742 ms - 20[0m
2022-10-10 06:37:42 info: ================================
2022-10-10 06:37:42 info: ======= ENV: development =======
2022-10-10 06:37:42 info: 🚀 App listening on the port 8181
2022-10-10 06:37:42 info: =================================
2022-10-10 06:37:42 info: ======================
2022-10-10 06:37:42 info: MongoDB Connected!
2022-10-10 06:37:42 info: ======================
2022-10-10 06:37:47 info: [0mPATCH /info/add-view [32m200[0m 276.044 ms - 20[0m
2022-10-10 06:39:57 info: ================================
2022-10-10 06:39:57 info: ======= ENV: development =======
2022-10-10 06:39:57 info: 🚀 App listening on the port 8181
2022-10-10 06:39:57 info: =================================
2022-10-10 06:39:57 info: ======================
2022-10-10 06:39:57 info: MongoDB Connected!
2022-10-10 06:39:57 info: ======================
2022-10-10 06:40:05 info: [0mPATCH /info/add-view [32m200[0m 224.541 ms - 20[0m
2022-10-10 06:40:11 info: [0mPATCH /info/add-view [33m400[0m 24.613 ms - 46[0m
2022-10-10 06:40:54 info: ================================
2022-10-10 06:40:54 info: ======= ENV: development =======
2022-10-10 06:40:54 info: 🚀 App listening on the port 8181
2022-10-10 06:40:54 info: =================================
2022-10-10 06:40:54 info: ======================
2022-10-10 06:40:54 info: MongoDB Connected!
2022-10-10 06:40:54 info: ======================
2022-10-10 06:40:58 info: [0mGET /info/resource?orgId=634309aeb9647a3452bc6ec7&infoId=6343a0f88451ba9d53659d8b [32m200[0m 125.988 ms - 393[0m
2022-10-10 06:42:19 info: ================================
2022-10-10 06:42:19 info: ======= ENV: development =======
2022-10-10 06:42:19 info: 🚀 App listening on the port 8181
2022-10-10 06:42:19 info: =================================
2022-10-10 06:42:19 info: ======================
2022-10-10 06:42:20 info: MongoDB Connected!
2022-10-10 06:42:20 info: ======================
2022-10-10 06:46:38 info: ================================
2022-10-10 06:46:38 info: ======= ENV: development =======
2022-10-10 06:46:38 info: 🚀 App listening on the port 8181
2022-10-10 06:46:38 info: =================================
2022-10-10 06:46:38 info: ======================
2022-10-10 06:46:38 info: MongoDB Connected!
2022-10-10 06:46:38 info: ======================
2022-10-10 06:46:52 info: [0mGET /info/resources?title=assignment&pageNo=1&pageSize=3&sortBy=oldest&orgId=634309aeb9647a3452bc6ec7 [32m200[0m 158.452 ms - 833[0m
2022-10-10 06:50:18 info: ================================
2022-10-10 06:50:18 info: ======= ENV: development =======
2022-10-10 06:50:18 info: 🚀 App listening on the port 8181
2022-10-10 06:50:18 info: =================================
2022-10-10 06:50:18 info: ======================
2022-10-10 06:50:18 info: MongoDB Connected!
2022-10-10 06:50:18 info: ======================
2022-10-10 06:50:44 info: ================================
2022-10-10 06:50:44 info: ======= ENV: development =======
2022-10-10 06:50:44 info: 🚀 App listening on the port 8181
2022-10-10 06:50:44 info: =================================
2022-10-10 06:50:44 info: ======================
2022-10-10 06:50:44 info: MongoDB Connected!
2022-10-10 06:50:44 info: ======================
2022-10-10 06:59:44 info: ================================
2022-10-10 06:59:44 info: ======= ENV: development =======
2022-10-10 06:59:44 info: 🚀 App listening on the port 8181
2022-10-10 06:59:44 info: =================================
2022-10-10 06:59:44 info: ======================
2022-10-10 06:59:44 info: MongoDB Connected!
2022-10-10 06:59:44 info: ======================
2022-10-10 07:01:42 info: ================================
2022-10-10 07:01:42 info: ======= ENV: development =======
2022-10-10 07:01:42 info: 🚀 App listening on the port 8181
2022-10-10 07:01:42 info: =================================
2022-10-10 07:01:42 info: ======================
2022-10-10 07:01:42 info: MongoDB Connected!
2022-10-10 07:01:42 info: ======================
2022-10-10 07:36:48 info: ================================
2022-10-10 07:36:48 info: ======= ENV: development =======
2022-10-10 07:36:48 info: 🚀 App listening on the port 8181
2022-10-10 07:36:48 info: =================================
2022-10-10 07:36:48 info: ======================
2022-10-10 07:36:48 info: MongoDB Connected!
2022-10-10 07:36:48 info: ======================
2022-10-10 07:38:00 info: ================================
2022-10-10 07:38:00 info: ======= ENV: development =======
2022-10-10 07:38:00 info: 🚀 App listening on the port 8181
2022-10-10 07:38:00 info: =================================
2022-10-10 07:38:00 info: ======================
2022-10-10 07:38:00 info: MongoDB Connected!
2022-10-10 07:38:00 info: ======================
2022-10-10 07:38:22 info: ================================
2022-10-10 07:38:22 info: ======= ENV: development =======
2022-10-10 07:38:22 info: 🚀 App listening on the port 8181
2022-10-10 07:38:22 info: =================================
2022-10-10 07:38:22 info: ======================
2022-10-10 07:38:22 info: MongoDB Connected!
2022-10-10 07:38:22 info: ======================
2022-10-10 07:39:53 info: ================================
2022-10-10 07:39:53 info: ======= ENV: development =======
2022-10-10 07:39:53 info: 🚀 App listening on the port 8181
2022-10-10 07:39:53 info: =================================
2022-10-10 07:39:53 info: ======================
2022-10-10 07:39:53 info: MongoDB Connected!
2022-10-10 07:39:53 info: ======================
2022-10-10 07:40:58 info: ================================
2022-10-10 07:40:58 info: ======= ENV: development =======
2022-10-10 07:40:58 info: 🚀 App listening on the port 8181
2022-10-10 07:40:58 info: =================================
2022-10-10 07:40:58 info: ======================
2022-10-10 07:40:58 info: MongoDB Connected!
2022-10-10 07:40:58 info: ======================
2022-10-10 07:41:59 info: [0mGET /by-id?id=634309aeb9647a3452bc6ec7 [32m200[0m 155.904 ms - 251[0m
2022-10-10 07:42:38 info: [0mGET /user-in/?userId=a52cc297-9938-4fe5-b516-3d4a7ff235c1 [32m200[0m 189.900 ms - 438[0m
2022-10-10 07:48:26 info: ================================
2022-10-10 07:48:27 info: ======= ENV: development =======
2022-10-10 07:48:27 info: 🚀 App listening on the port 8181
2022-10-10 07:48:27 info: =================================
2022-10-10 07:48:27 info: ======================
2022-10-10 07:48:27 info: MongoDB Connected!
2022-10-10 07:48:27 info: ======================
2022-10-10 07:49:35 info: ================================
2022-10-10 07:49:35 info: ======= ENV: development =======
2022-10-10 07:49:35 info: 🚀 App listening on the port 8181
2022-10-10 07:49:35 info: =================================
2022-10-10 07:49:35 info: ======================
2022-10-10 07:49:35 info: MongoDB Connected!
2022-10-10 07:49:35 info: ======================
2022-10-10 07:50:10 info: ================================
2022-10-10 07:50:10 info: ======= ENV: development =======
2022-10-10 07:50:10 info: 🚀 App listening on the port 8181
2022-10-10 07:50:10 info: =================================
2022-10-10 07:50:10 info: ======================
2022-10-10 07:50:10 info: MongoDB Connected!
2022-10-10 07:50:10 info: ======================
2022-10-10 07:50:21 info: [0mGET /user-in/?userId=a52cc297-9938-4fe5-b516-3d4a7ff235c1&pageNo=1&pageSize=1 [32m200[0m 89.547 ms - 285[0m
2022-10-10 07:50:31 info: [0mGET /user-in/?userId=a52cc297-9938-4fe5-b516-3d4a7ff235c1&pageNo=1&pageSize=2 [32m200[0m 34.176 ms - 470[0m
2022-10-10 07:50:48 info: [0mGET /user-in/?userId=a52cc297-9938-4fe5-b516-3d4a7ff235c1&pageNo=1&pageSize=3 [32m200[0m 30.687 ms - 470[0m
2022-10-10 07:50:59 info: [0mGET /user-in/?userId=a52cc297-9938-4fe5-b516-3d4a7ff235c1&pageNo=2&pageSize=3 [32m200[0m 20.858 ms - 62[0m
2022-10-10 07:56:18 info: ================================
2022-10-10 07:56:18 info: ======= ENV: development =======
2022-10-10 07:56:18 info: 🚀 App listening on the port 8181
2022-10-10 07:56:18 info: =================================
2022-10-10 07:56:18 info: ======================
2022-10-10 07:56:18 info: MongoDB Connected!
2022-10-10 07:56:18 info: ======================
2022-10-10 08:45:53 info: ================================
2022-10-10 08:45:53 info: ======= ENV: development =======
2022-10-10 08:45:53 info: 🚀 App listening on the port 8181
2022-10-10 08:45:53 info: =================================
2022-10-10 08:45:53 info: ======================
2022-10-10 08:45:53 info: MongoDB Connected!
2022-10-10 08:45:53 info: ======================
2022-10-10 08:47:05 info: ================================
2022-10-10 08:47:05 info: ======= ENV: development =======
2022-10-10 08:47:05 info: 🚀 App listening on the port 8181
2022-10-10 08:47:05 info: =================================
2022-10-10 08:47:05 info: ======================
2022-10-10 08:47:05 info: MongoDB Connected!
2022-10-10 08:47:05 info: ======================
2022-10-10 08:49:25 info: [0mPATCH /update-logo [31m500[0m 483.023 ms - 142[0m
2022-10-10 08:50:00 info: ================================
2022-10-10 08:50:00 info: ======= ENV: development =======
2022-10-10 08:50:00 info: 🚀 App listening on the port 8181
2022-10-10 08:50:00 info: =================================
2022-10-10 08:50:00 info: ======================
2022-10-10 08:50:00 info: MongoDB Connected!
2022-10-10 08:50:00 info: ======================
2022-10-10 08:50:05 info: [0mPATCH /update-logo [31m500[0m 263.911 ms - 142[0m
2022-10-10 08:50:37 info: ================================
2022-10-10 08:50:37 info: ======= ENV: development =======
2022-10-10 08:50:37 info: 🚀 App listening on the port 8181
2022-10-10 08:50:37 info: =================================
2022-10-10 08:50:37 info: ======================
2022-10-10 08:50:37 info: MongoDB Connected!
2022-10-10 08:50:37 info: ======================
2022-10-10 10:57:36 info: ================================
2022-10-10 10:57:36 info: ======= ENV: development =======
2022-10-10 10:57:36 info: 🚀 App listening on the port 8181
2022-10-10 10:57:36 info: =================================
2022-10-10 10:57:38 info: ======================
2022-10-10 10:57:38 info: MongoDB Connected!
2022-10-10 10:57:38 info: ======================
2022-10-10 11:05:07 info: [0mGET /by-name?name=org%20exemplary [32m200[0m 393.858 ms - 251[0m
2022-10-10 11:15:25 info: ================================
2022-10-10 11:15:26 info: ======= ENV: development =======
2022-10-10 11:15:26 info: 🚀 App listening on the port 8181
2022-10-10 11:15:26 info: =================================
2022-10-10 11:15:26 info: ======================
2022-10-10 11:15:26 info: MongoDB Connected!
2022-10-10 11:15:26 info: ======================
2022-10-10 11:28:29 info: ================================
2022-10-10 11:28:29 info: ======= ENV: development =======
2022-10-10 11:28:29 info: 🚀 App listening on the port 8181
2022-10-10 11:28:29 info: =================================
2022-10-10 11:28:29 info: ======================
2022-10-10 11:28:29 info: MongoDB Connected!
2022-10-10 11:28:29 info: ======================
2022-10-10 11:29:17 info: ================================
2022-10-10 11:29:17 info: ======= ENV: development =======
2022-10-10 11:29:17 info: 🚀 App listening on the port 8181
2022-10-10 11:29:17 info: =================================
2022-10-10 11:29:18 info: ======================
2022-10-10 11:29:18 info: MongoDB Connected!
2022-10-10 11:29:18 info: ======================
2022-10-10 11:30:54 info: ================================
2022-10-10 11:30:54 info: ======= ENV: development =======
2022-10-10 11:30:54 info: 🚀 App listening on the port 8181
2022-10-10 11:30:54 info: =================================
2022-10-10 11:30:54 info: ======================
2022-10-10 11:30:54 info: MongoDB Connected!
2022-10-10 11:30:54 info: ======================
2022-10-10 11:34:17 info: ================================
2022-10-10 11:34:17 info: ======= ENV: development =======
2022-10-10 11:34:17 info: 🚀 App listening on the port 8181
2022-10-10 11:34:17 info: =================================
2022-10-10 11:34:17 info: ======================
2022-10-10 11:34:17 info: MongoDB Connected!
2022-10-10 11:34:17 info: ======================
2022-10-10 11:36:26 info: ================================
2022-10-10 11:36:26 info: ======= ENV: development =======
2022-10-10 11:36:26 info: 🚀 App listening on the port 8181
2022-10-10 11:36:26 info: =================================
2022-10-10 11:36:26 info: ======================
2022-10-10 11:36:26 info: MongoDB Connected!
2022-10-10 11:36:26 info: ======================
2022-10-10 11:36:50 info: [0mPOST /new [33m400[0m 450.511 ms - 48[0m
2022-10-10 11:37:24 info: [0mPOST /info/resource [33m400[0m 14.873 ms - 39[0m
2022-10-10 11:37:46 info: [0mPOST /info/resource [32m201[0m 49.628 ms - 30[0m
2022-10-10 11:38:21 info: ================================
2022-10-10 11:38:21 info: ======= ENV: development =======
2022-10-10 11:38:21 info: 🚀 App listening on the port 8181
2022-10-10 11:38:21 info: =================================
2022-10-10 11:38:21 info: ======================
2022-10-10 11:38:21 info: MongoDB Connected!
2022-10-10 11:38:21 info: ======================
2022-10-10 11:38:26 info: [0mPOST /info/resource [32m201[0m 132.990 ms - 30[0m
2022-10-10 11:40:34 info: ================================
2022-10-10 11:40:34 info: ======= ENV: development =======
2022-10-10 11:40:34 info: 🚀 App listening on the port 8181
2022-10-10 11:40:34 info: =================================
2022-10-10 11:40:34 info: ======================
2022-10-10 11:40:34 info: MongoDB Connected!
2022-10-10 11:40:34 info: ======================
2022-10-10 11:40:44 info: [0mPOST /info/resource [32m201[0m 127.781 ms - 30[0m
2022-10-10 11:41:16 info: ================================
2022-10-10 11:41:16 info: ======= ENV: development =======
2022-10-10 11:41:16 info: 🚀 App listening on the port 8181
2022-10-10 11:41:16 info: =================================
2022-10-10 11:41:17 info: ======================
2022-10-10 11:41:17 info: MongoDB Connected!
2022-10-10 11:41:17 info: ======================
