2022-09-27 05:41:23 info: ================================
2022-09-27 05:41:23 info: ======= ENV: development =======
2022-09-27 05:41:23 info: 🚀 App listening on the port 8181
2022-09-27 05:41:23 info: =================================
2022-09-27 05:41:26 info: ======================
2022-09-27 05:41:26 info: MongoDB Connected!
2022-09-27 05:41:26 info: ======================
2022-09-27 05:46:35 info: [0mGET /comment/one/?commentId=6330a716ca5663f233a06cdc [32m200[0m 2752.960 ms - 443[0m
2022-09-27 05:50:03 info: ================================
2022-09-27 05:50:03 info: ======= ENV: development =======
2022-09-27 05:50:03 info: 🚀 App listening on the port 8181
2022-09-27 05:50:03 info: =================================
2022-09-27 05:50:03 info: ======================
2022-09-27 05:50:03 info: MongoDB Connected!
2022-09-27 05:50:03 info: ======================
2022-09-27 05:51:08 info: [0mDELETE /comment/6330dd1c0fd499e521b12862 [32m200[0m 233.434 ms - 60[0m
2022-09-27 05:51:16 info: [0mGET /comment/one/?commentId=6330a716ca5663f233a06cdc [32m200[0m 101.246 ms - 443[0m
2022-09-27 05:51:33 info: [0mGET /comment/one/?commentId=6330a716ca5663f233a06cdc [32m200[0m 47.985 ms - 443[0m
2022-09-27 05:51:41 info: [0mDELETE /comment/6330dd1c0fd499e521b12862 [32m200[0m 36.022 ms - 60[0m
2022-09-27 05:51:47 info: [0mGET /comment/one/?commentId=6330a716ca5663f233a06cdc [32m200[0m 155.216 ms - 443[0m
2022-09-27 05:52:41 info: [0mDELETE /comment/6330a716ca5663f233a06cdc [32m200[0m 35.961 ms - 60[0m
2022-09-27 05:52:44 info: [0mGET /comment/one/?commentId=6330a716ca5663f233a06cdc [32m200[0m 32.490 ms - 443[0m
2022-09-27 05:57:26 info: ================================
2022-09-27 05:57:26 info: ======= ENV: development =======
2022-09-27 05:57:26 info: 🚀 App listening on the port 8181
2022-09-27 05:57:26 info: =================================
2022-09-27 05:57:26 info: ======================
2022-09-27 05:57:26 info: MongoDB Connected!
2022-09-27 05:57:26 info: ======================
2022-09-27 05:58:20 info: ================================
2022-09-27 05:58:20 info: ======= ENV: development =======
2022-09-27 05:58:20 info: 🚀 App listening on the port 8181
2022-09-27 05:58:20 info: =================================
2022-09-27 05:58:20 info: ======================
2022-09-27 05:58:20 info: MongoDB Connected!
2022-09-27 05:58:20 info: ======================
2022-09-27 06:04:41 info: [0mGET /post/all?pageId=1&pageSize=11&sortBy=oldest&search=all [32m200[0m 935.008 ms - 847[0m
2022-09-27 06:07:37 info: ================================
2022-09-27 06:07:37 info: ======= ENV: development =======
2022-09-27 06:07:37 info: 🚀 App listening on the port 8181
2022-09-27 06:07:37 info: =================================
2022-09-27 06:07:37 info: ======================
2022-09-27 06:07:37 info: MongoDB Connected!
2022-09-27 06:07:37 info: ======================
2022-09-27 06:09:38 info: ================================
2022-09-27 06:09:38 info: ======= ENV: development =======
2022-09-27 06:09:38 info: 🚀 App listening on the port 8181
2022-09-27 06:09:38 info: =================================
2022-09-27 06:09:38 info: ======================
2022-09-27 06:09:38 info: MongoDB Connected!
2022-09-27 06:09:38 info: ======================
2022-09-27 06:13:44 info: ================================
2022-09-27 06:13:44 info: ======= ENV: development =======
2022-09-27 06:13:44 info: 🚀 App listening on the port 8181
2022-09-27 06:13:44 info: =================================
2022-09-27 06:13:44 info: ======================
2022-09-27 06:13:44 info: MongoDB Connected!
2022-09-27 06:13:44 info: ======================
2022-09-27 06:14:27 info: ================================
2022-09-27 06:14:27 info: ======= ENV: development =======
2022-09-27 06:14:27 info: 🚀 App listening on the port 8181
2022-09-27 06:14:27 info: =================================
2022-09-27 06:14:27 info: ======================
2022-09-27 06:14:27 info: MongoDB Connected!
2022-09-27 06:14:27 info: ======================
2022-09-27 06:16:22 info: [0mPOST /post/add-reaction [33m404[0m 205.397 ms - 157[0m
2022-09-27 06:16:36 info: [0mPUT /post/add-reaction [33m400[0m 22.042 ms - 48[0m
2022-09-27 06:16:52 info: [0mPUT /post/add-reaction [32m200[0m 516.604 ms - 44[0m
2022-09-27 06:17:05 info: [0mGET /post/all?pageId=1&pageSize=11&sortBy=oldest&search=all [32m200[0m 198.287 ms - 962[0m
2022-09-27 06:20:54 info: ================================
2022-09-27 06:20:54 info: ======= ENV: development =======
2022-09-27 06:20:54 info: 🚀 App listening on the port 8181
2022-09-27 06:20:54 info: =================================
2022-09-27 06:20:54 info: ======================
2022-09-27 06:20:54 info: MongoDB Connected!
2022-09-27 06:20:54 info: ======================
2022-09-27 06:21:09 info: [0mPUT /post/add-reaction [32m200[0m 314.426 ms - 44[0m
2022-09-27 06:21:17 info: [0mGET /post/all?pageId=1&pageSize=11&sortBy=oldest&search=all [32m200[0m 173.391 ms - -[0m
2022-09-27 06:24:18 info: ================================
2022-09-27 06:24:18 info: ======= ENV: development =======
2022-09-27 06:24:18 info: 🚀 App listening on the port 8181
2022-09-27 06:24:18 info: =================================
2022-09-27 06:24:18 info: ======================
2022-09-27 06:24:18 info: MongoDB Connected!
2022-09-27 06:24:18 info: ======================
2022-09-27 06:25:22 info: ================================
2022-09-27 06:25:22 info: ======= ENV: development =======
2022-09-27 06:25:22 info: 🚀 App listening on the port 8181
2022-09-27 06:25:22 info: =================================
2022-09-27 06:25:23 info: ======================
2022-09-27 06:25:23 info: MongoDB Connected!
2022-09-27 06:25:23 info: ======================
2022-09-27 06:25:50 info: ================================
2022-09-27 06:25:50 info: ======= ENV: development =======
2022-09-27 06:25:50 info: 🚀 App listening on the port 8181
2022-09-27 06:25:50 info: =================================
2022-09-27 06:25:50 info: ======================
2022-09-27 06:25:50 info: MongoDB Connected!
2022-09-27 06:25:50 info: ======================
2022-09-27 06:26:10 info: [0mDELETE /post/remove-reaction [31m500[0m 164.501 ms - 577[0m
2022-09-27 06:27:03 info: [0mDELETE /post/remove-reaction [31m500[0m 34.208 ms - 577[0m
2022-09-27 06:30:16 info: ================================
2022-09-27 06:30:16 info: ======= ENV: development =======
2022-09-27 06:30:16 info: 🚀 App listening on the port 8181
2022-09-27 06:30:16 info: =================================
2022-09-27 06:30:16 info: ======================
2022-09-27 06:30:16 info: MongoDB Connected!
2022-09-27 06:30:16 info: ======================
2022-09-27 06:30:35 info: ================================
2022-09-27 06:30:35 info: ======= ENV: development =======
2022-09-27 06:30:35 info: 🚀 App listening on the port 8181
2022-09-27 06:30:35 info: =================================
2022-09-27 06:30:35 info: ======================
2022-09-27 06:30:35 info: MongoDB Connected!
2022-09-27 06:30:35 info: ======================
2022-09-27 06:30:59 info: [0mDELETE /post/remove-reaction [31m500[0m 163.997 ms - 577[0m
2022-09-27 06:32:21 info: ================================
2022-09-27 06:32:21 info: ======= ENV: development =======
2022-09-27 06:32:21 info: 🚀 App listening on the port 8181
2022-09-27 06:32:21 info: =================================
2022-09-27 06:32:21 info: ======================
2022-09-27 06:32:21 info: MongoDB Connected!
2022-09-27 06:32:21 info: ======================
2022-09-27 06:32:29 info: [0mPURGE /post/remove-reaction [32m200[0m 362.299 ms - 44[0m
2022-09-27 06:33:23 info: ================================
2022-09-27 06:33:23 info: ======= ENV: development =======
2022-09-27 06:33:23 info: 🚀 App listening on the port 8181
2022-09-27 06:33:23 info: =================================
2022-09-27 06:33:24 info: ======================
2022-09-27 06:33:24 info: MongoDB Connected!
2022-09-27 06:33:24 info: ======================
2022-09-27 06:33:39 info: [0mGET /post/all?pageId=1&pageSize=11&sortBy=oldest&search=all [32m200[0m 176.200 ms - 879[0m
2022-09-27 06:34:44 info: ================================
2022-09-27 06:34:44 info: ======= ENV: development =======
2022-09-27 06:34:44 info: 🚀 App listening on the port 8181
2022-09-27 06:34:44 info: =================================
2022-09-27 06:34:44 info: ======================
2022-09-27 06:34:44 info: MongoDB Connected!
2022-09-27 06:34:44 info: ======================
2022-09-27 06:34:56 info: [0mPUT /post/add-reaction [32m200[0m 404.648 ms - 44[0m
2022-09-27 06:35:02 info: [0mGET /post/all?pageId=1&pageSize=11&sortBy=oldest&search=all [32m200[0m 134.501 ms - 980[0m
2022-09-27 06:35:14 info: [0mPURGE /post/remove-reaction [32m200[0m 59.589 ms - 46[0m
2022-09-27 06:35:21 info: [0mGET /post/all?pageId=1&pageSize=11&sortBy=oldest&search=all [32m200[0m 91.328 ms - 879[0m
2022-09-27 06:57:31 info: ================================
2022-09-27 06:57:31 info: ======= ENV: development =======
2022-09-27 06:57:31 info: 🚀 App listening on the port 8181
2022-09-27 06:57:31 info: =================================
2022-09-27 06:57:32 info: ======================
2022-09-27 06:57:32 info: MongoDB Connected!
2022-09-27 06:57:32 info: ======================
2022-09-27 06:59:32 info: ================================
2022-09-27 06:59:32 info: ======= ENV: development =======
2022-09-27 06:59:32 info: 🚀 App listening on the port 8181
2022-09-27 06:59:32 info: =================================
2022-09-27 06:59:33 info: ======================
2022-09-27 06:59:33 info: MongoDB Connected!
2022-09-27 06:59:33 info: ======================
2022-09-27 07:10:05 info: ================================
2022-09-27 07:10:05 info: ======= ENV: development =======
2022-09-27 07:10:05 info: 🚀 App listening on the port 8181
2022-09-27 07:10:05 info: =================================
2022-09-27 07:10:06 info: ======================
2022-09-27 07:10:06 info: MongoDB Connected!
2022-09-27 07:10:06 info: ======================
2022-09-27 07:12:06 info: ================================
2022-09-27 07:12:06 info: ======= ENV: development =======
2022-09-27 07:12:06 info: 🚀 App listening on the port 8181
2022-09-27 07:12:06 info: =================================
2022-09-27 07:12:07 info: ======================
2022-09-27 07:12:07 info: MongoDB Connected!
2022-09-27 07:12:07 info: ======================
2022-09-27 07:13:28 info: ================================
2022-09-27 07:13:28 info: ======= ENV: development =======
2022-09-27 07:13:28 info: 🚀 App listening on the port 8181
2022-09-27 07:13:28 info: =================================
2022-09-27 07:13:29 info: ======================
2022-09-27 07:13:29 info: MongoDB Connected!
2022-09-27 07:13:29 info: ======================
2022-09-27 07:14:33 info: [0mPOST /post/share [31m500[0m 788.259 ms - 648[0m
2022-09-27 07:16:32 info: ================================
2022-09-27 07:16:32 info: ======= ENV: development =======
2022-09-27 07:16:32 info: 🚀 App listening on the port 8181
2022-09-27 07:16:32 info: =================================
2022-09-27 07:16:32 info: ======================
2022-09-27 07:16:32 info: MongoDB Connected!
2022-09-27 07:16:32 info: ======================
2022-09-27 07:16:47 info: [0mPOST /post/share [31m500[0m 454.228 ms - 648[0m
2022-09-27 07:17:13 info: ================================
2022-09-27 07:17:13 info: ======= ENV: development =======
2022-09-27 07:17:13 info: 🚀 App listening on the port 8181
2022-09-27 07:17:13 info: =================================
2022-09-27 07:17:13 info: ======================
2022-09-27 07:17:13 info: MongoDB Connected!
2022-09-27 07:17:13 info: ======================
2022-09-27 07:17:36 info: [0mPOST /post/share [31m500[0m 244.113 ms - 648[0m
2022-09-27 07:18:20 info: ================================
2022-09-27 07:18:20 info: ======= ENV: development =======
2022-09-27 07:18:20 info: 🚀 App listening on the port 8181
2022-09-27 07:18:20 info: =================================
2022-09-27 07:18:20 info: ======================
2022-09-27 07:18:20 info: MongoDB Connected!
2022-09-27 07:18:20 info: ======================
2022-09-27 07:19:21 info: [0mPOST /post/share [32m200[0m 541.177 ms - 41[0m
2022-09-27 07:20:59 info: ================================
2022-09-27 07:20:59 info: ======= ENV: development =======
2022-09-27 07:20:59 info: 🚀 App listening on the port 8181
2022-09-27 07:20:59 info: =================================
2022-09-27 07:20:59 info: ======================
2022-09-27 07:20:59 info: MongoDB Connected!
2022-09-27 07:20:59 info: ======================
2022-09-27 07:21:31 info: ================================
2022-09-27 07:21:31 info: ======= ENV: development =======
2022-09-27 07:21:31 info: 🚀 App listening on the port 8181
2022-09-27 07:21:31 info: =================================
2022-09-27 07:21:31 info: ======================
2022-09-27 07:21:31 info: MongoDB Connected!
2022-09-27 07:21:31 info: ======================
2022-09-27 07:21:46 info: [0mGET /post/all?pageId=1&pageSize=11&sortBy=oldest&search=all [32m200[0m 757.792 ms - 945[0m
2022-09-27 07:22:34 info: [0mGET /post/all?pageId=1&pageSize=11&sortBy=oldest&search=all [32m200[0m 59.484 ms - 945[0m
2022-09-27 07:22:57 info: [0mGET /post/all?pageId=1&pageSize=11&sortBy=oldest&search=h [32m200[0m 103.888 ms - 710[0m
2022-09-27 07:24:30 info: ================================
2022-09-27 07:24:30 info: ======= ENV: development =======
2022-09-27 07:24:30 info: 🚀 App listening on the port 8181
2022-09-27 07:24:30 info: =================================
2022-09-27 07:24:30 info: ======================
2022-09-27 07:24:30 info: MongoDB Connected!
2022-09-27 07:24:30 info: ======================
