2022-09-24 10:45:10 info: ================================
2022-09-24 10:45:10 info: ======= ENV: development =======
2022-09-24 10:45:10 info: 🚀 App listening on the port 8181
2022-09-24 10:45:10 info: =================================
2022-09-24 10:45:13 info: ======================
2022-09-24 10:45:13 info: MongoDB Connected!
2022-09-24 10:45:13 info: ======================
2022-09-24 10:46:52 info: ================================
2022-09-24 10:46:52 info: ======= ENV: development =======
2022-09-24 10:46:52 info: 🚀 App listening on the port 8181
2022-09-24 10:46:52 info: =================================
2022-09-24 10:46:52 info: ======================
2022-09-24 10:46:52 info: MongoDB Connected!
2022-09-24 10:46:52 info: ======================
2022-09-24 10:47:46 info: [0mPOST /post [31m500[0m 108.494 ms - -[0m
2022-09-24 10:48:57 info: ================================
2022-09-24 10:48:57 info: ======= ENV: development =======
2022-09-24 10:48:57 info: 🚀 App listening on the port 8181
2022-09-24 10:48:57 info: =================================
2022-09-24 10:48:57 info: ======================
2022-09-24 10:48:57 info: MongoDB Connected!
2022-09-24 10:48:57 info: ======================
2022-09-24 10:49:05 info: [0mPOST /post [31m500[0m 403.535 ms - 504[0m
2022-09-24 10:49:59 info: ================================
2022-09-24 10:49:59 info: ======= ENV: development =======
2022-09-24 10:49:59 info: 🚀 App listening on the port 8181
2022-09-24 10:49:59 info: =================================
2022-09-24 10:49:59 info: ======================
2022-09-24 10:49:59 info: MongoDB Connected!
2022-09-24 10:49:59 info: ======================
2022-09-24 10:50:10 info: [0mPOST /post [32m201[0m 177.942 ms - 158[0m
2022-09-24 10:52:21 info: [0mPOST /post [32m201[0m 88.302 ms - 158[0m
2022-09-24 10:53:30 info: [0mPOST /post [31m500[0m 91.971 ms - 295[0m
2022-09-24 10:54:47 info: [0mPOST /post [31m500[0m 80.044 ms - 555[0m
2022-09-24 10:56:10 info: ================================
2022-09-24 10:56:10 info: ======= ENV: development =======
2022-09-24 10:56:10 info: 🚀 App listening on the port 8181
2022-09-24 10:56:10 info: =================================
2022-09-24 10:56:11 info: ======================
2022-09-24 10:56:11 info: MongoDB Connected!
2022-09-24 10:56:11 info: ======================
2022-09-24 10:56:26 info: [0mPOST /post [31m500[0m 10453.612 ms - 657[0m
2022-09-24 10:57:10 info: ================================
2022-09-24 10:57:10 info: ======= ENV: development =======
2022-09-24 10:57:10 info: 🚀 App listening on the port 8181
2022-09-24 10:57:10 info: =================================
2022-09-24 10:57:11 info: ======================
2022-09-24 10:57:11 info: MongoDB Connected!
2022-09-24 10:57:11 info: ======================
2022-09-24 10:57:33 info: [0mPOST /post [32m201[0m 18148.957 ms - 184[0m
2022-09-24 11:25:00 info: ================================
2022-09-24 11:25:00 info: ======= ENV: development =======
2022-09-24 11:25:00 info: 🚀 App listening on the port 8181
2022-09-24 11:25:00 info: =================================
2022-09-24 11:25:01 info: ======================
2022-09-24 11:25:01 info: MongoDB Connected!
2022-09-24 11:25:01 info: ======================
2022-09-24 11:30:58 info: ================================
2022-09-24 11:30:58 info: ======= ENV: development =======
2022-09-24 11:30:58 info: 🚀 App listening on the port 8181
2022-09-24 11:30:58 info: =================================
2022-09-24 11:30:58 info: ======================
2022-09-24 11:30:58 info: MongoDB Connected!
2022-09-24 11:30:58 info: ======================
2022-09-24 11:32:35 info: ================================
2022-09-24 11:32:35 info: ======= ENV: development =======
2022-09-24 11:32:35 info: 🚀 App listening on the port 8181
2022-09-24 11:32:35 info: =================================
2022-09-24 11:32:35 info: ======================
2022-09-24 11:32:35 info: MongoDB Connected!
2022-09-24 11:32:35 info: ======================
2022-09-24 11:34:05 info: ================================
2022-09-24 11:34:05 info: ======= ENV: development =======
2022-09-24 11:34:05 info: 🚀 App listening on the port 8181
2022-09-24 11:34:05 info: =================================
2022-09-24 11:34:06 info: ======================
2022-09-24 11:34:06 info: MongoDB Connected!
2022-09-24 11:34:06 info: ======================
2022-09-24 11:35:04 info: [0mGET /post?postId=632ed48df9f328c5a28de3f6 [32m200[0m 458.658 ms - 329[0m
2022-09-24 11:36:17 info: ================================
2022-09-24 11:36:17 info: ======= ENV: development =======
2022-09-24 11:36:17 info: 🚀 App listening on the port 8181
2022-09-24 11:36:17 info: =================================
2022-09-24 11:36:17 info: ======================
2022-09-24 11:36:17 info: MongoDB Connected!
2022-09-24 11:36:17 info: ======================
2022-09-24 11:36:26 info: [0mGET /post?postId=632ed48df9f328c5a28de3f6 [32m200[0m 249.739 ms - 285[0m
2022-09-24 11:37:41 info: ================================
2022-09-24 11:37:41 info: ======= ENV: development =======
2022-09-24 11:37:41 info: 🚀 App listening on the port 8181
2022-09-24 11:37:41 info: =================================
2022-09-24 11:37:41 info: ======================
2022-09-24 11:37:41 info: MongoDB Connected!
2022-09-24 11:37:41 info: ======================
