2022-09-26 00:05:00 info: ================================
2022-09-26 00:05:00 info: ======= ENV: development =======
2022-09-26 00:05:00 info: 🚀 App listening on the port 8181
2022-09-26 00:05:00 info: =================================
2022-09-26 00:05:01 info: ======================
2022-09-26 00:05:01 info: MongoDB Connected!
2022-09-26 00:05:01 info: ======================
2022-09-26 00:06:05 info: ================================
2022-09-26 00:06:05 info: ======= ENV: development =======
2022-09-26 00:06:05 info: 🚀 App listening on the port 8181
2022-09-26 00:06:05 info: =================================
2022-09-26 00:06:05 info: ======================
2022-09-26 00:06:05 info: MongoDB Connected!
2022-09-26 00:06:05 info: ======================
2022-09-26 00:06:31 info: ================================
2022-09-26 00:06:31 info: ======= ENV: development =======
2022-09-26 00:06:31 info: 🚀 App listening on the port 8181
2022-09-26 00:06:31 info: =================================
2022-09-26 00:06:32 info: ======================
2022-09-26 00:06:32 info: MongoDB Connected!
2022-09-26 00:06:32 info: ======================
2022-09-26 00:07:51 info: ================================
2022-09-26 00:07:51 info: ======= ENV: development =======
2022-09-26 00:07:51 info: 🚀 App listening on the port 8181
2022-09-26 00:07:51 info: =================================
2022-09-26 00:07:51 info: ======================
2022-09-26 00:07:51 info: MongoDB Connected!
2022-09-26 00:07:51 info: ======================
2022-09-26 00:08:06 info: [0mGET /comment?postId=632ed2d2bc88ce1f1cf960e4&sortBy=oldest&numPerPost=30&pageId=1 [32m200[0m 143.700 ms - 697[0m
2022-09-26 00:08:49 info: [0mGET /comment/one/6330dd1c0fd499e521b12862 [31m500[0m 84.847 ms - -[0m
2022-09-26 00:09:57 info: ================================
2022-09-26 00:09:57 info: ======= ENV: development =======
2022-09-26 00:09:57 info: 🚀 App listening on the port 8181
2022-09-26 00:09:57 info: =================================
2022-09-26 00:09:58 info: ======================
2022-09-26 00:09:58 info: MongoDB Connected!
2022-09-26 00:09:58 info: ======================
2022-09-26 00:10:07 info: [0mGET /comment/one/?commentId=6330dd1c0fd499e521b12862 [33m404[0m 195.037 ms - 45[0m
2022-09-26 00:11:44 info: ================================
2022-09-26 00:11:44 info: ======= ENV: development =======
2022-09-26 00:11:44 info: 🚀 App listening on the port 8181
2022-09-26 00:11:44 info: =================================
2022-09-26 00:11:44 info: ======================
2022-09-26 00:11:44 info: MongoDB Connected!
2022-09-26 00:11:44 info: ======================
2022-09-26 00:11:52 info: [0mGET /comment/one/?commentId=6330dd1c0fd499e521b12862 [33m404[0m 142.542 ms - 45[0m
2022-09-26 00:12:20 info: ================================
2022-09-26 00:12:20 info: ======= ENV: development =======
2022-09-26 00:12:20 info: 🚀 App listening on the port 8181
2022-09-26 00:12:20 info: =================================
2022-09-26 00:12:20 info: ======================
2022-09-26 00:12:20 info: MongoDB Connected!
2022-09-26 00:12:20 info: ======================
2022-09-26 00:12:40 info: [0mGET /comment/one/?commentId=6330a716ca5663f233a06cdc [33m404[0m 205.755 ms - 45[0m
2022-09-26 00:13:36 info: ================================
2022-09-26 00:13:36 info: ======= ENV: development =======
2022-09-26 00:13:36 info: 🚀 App listening on the port 8181
2022-09-26 00:13:36 info: =================================
2022-09-26 00:13:36 info: ======================
2022-09-26 00:13:36 info: MongoDB Connected!
2022-09-26 00:13:36 info: ======================
2022-09-26 00:13:45 info: [0mGET /comment/one/?commentId=6330a716ca5663f233a06cdc [32m200[0m 241.237 ms - 456[0m
2022-09-26 00:14:53 info: ================================
2022-09-26 00:14:53 info: ======= ENV: development =======
2022-09-26 00:14:53 info: 🚀 App listening on the port 8181
2022-09-26 00:14:53 info: =================================
2022-09-26 00:14:53 info: ======================
2022-09-26 00:14:53 info: MongoDB Connected!
2022-09-26 00:14:53 info: ======================
2022-09-26 00:17:13 info: ================================
2022-09-26 00:17:13 info: ======= ENV: development =======
2022-09-26 00:17:13 info: 🚀 App listening on the port 8181
2022-09-26 00:17:13 info: =================================
2022-09-26 00:17:13 info: ======================
2022-09-26 00:17:13 info: MongoDB Connected!
2022-09-26 00:17:13 info: ======================
2022-09-26 00:17:28 info: [0mGET /comment/one/?commentId=6330a716ca5663f233a06cdc [32m200[0m 312.269 ms - 399[0m
2022-09-26 00:25:03 info: ================================
2022-09-26 00:25:03 info: ======= ENV: development =======
2022-09-26 00:25:03 info: 🚀 App listening on the port 8181
2022-09-26 00:25:03 info: =================================
2022-09-26 00:25:03 info: ======================
2022-09-26 00:25:03 info: MongoDB Connected!
2022-09-26 00:25:03 info: ======================
2022-09-26 00:26:35 info: ================================
2022-09-26 00:26:35 info: ======= ENV: development =======
2022-09-26 00:26:35 info: 🚀 App listening on the port 8181
2022-09-26 00:26:35 info: =================================
2022-09-26 00:26:35 info: ======================
2022-09-26 00:26:35 info: MongoDB Connected!
2022-09-26 00:26:35 info: ======================
2022-09-26 00:27:03 info: ================================
2022-09-26 00:27:03 info: ======= ENV: development =======
2022-09-26 00:27:03 info: 🚀 App listening on the port 8181
2022-09-26 00:27:03 info: =================================
2022-09-26 00:27:03 info: ======================
2022-09-26 00:27:03 info: MongoDB Connected!
2022-09-26 00:27:03 info: ======================
2022-09-26 00:29:36 info: [0mPATCH /comment [32m200[0m 729.951 ms - 32[0m
2022-09-26 00:30:19 info: [0mGET /comment/one/?commentId=6330a716ca5663f233a06cdc [32m200[0m 135.538 ms - 443[0m
2022-09-26 00:53:14 info: ================================
2022-09-26 00:53:14 info: ======= ENV: development =======
2022-09-26 00:53:14 info: 🚀 App listening on the port 8181
2022-09-26 00:53:14 info: =================================
2022-09-26 00:53:14 info: ======================
2022-09-26 00:53:14 info: MongoDB Connected!
2022-09-26 00:53:14 info: ======================
