2022-09-25 13:48:31 info: ================================
2022-09-25 13:48:31 info: ======= ENV: development =======
2022-09-25 13:48:31 info: 🚀 App listening on the port 8181
2022-09-25 13:48:31 info: =================================
2022-09-25 13:48:31 info: ======================
2022-09-25 13:48:31 info: MongoDB Connected!
2022-09-25 13:48:31 info: ======================
2022-09-25 13:48:52 info: [0mGET /post/users?userId=3501ba49-b2e6-4396-ad35-27442c1331b6&pageId=1&pageSize=15&sortBy=newest&search=good [31m500[0m 57.996 ms - 1384[0m
2022-09-25 13:51:02 info: ================================
2022-09-25 13:51:02 info: ======= ENV: development =======
2022-09-25 13:51:02 info: 🚀 App listening on the port 8181
2022-09-25 13:51:02 info: =================================
2022-09-25 13:51:02 info: ======================
2022-09-25 13:51:02 info: MongoDB Connected!
2022-09-25 13:51:02 info: ======================
2022-09-25 13:51:07 info: [0mGET /post/users?userId=3501ba49-b2e6-4396-ad35-27442c1331b6&pageId=1&pageSize=15&sortBy=newest&search=good [31m500[0m 71.008 ms - 1343[0m
2022-09-25 13:51:36 info: ================================
2022-09-25 13:51:36 info: ======= ENV: development =======
2022-09-25 13:51:36 info: 🚀 App listening on the port 8181
2022-09-25 13:51:36 info: =================================
2022-09-25 13:51:36 info: ======================
2022-09-25 13:51:36 info: MongoDB Connected!
2022-09-25 13:51:37 info: ======================
2022-09-25 13:51:39 info: [0mGET /post/users?userId=3501ba49-b2e6-4396-ad35-27442c1331b6&pageId=1&pageSize=15&sortBy=newest&search=good [31m500[0m 75.606 ms - 548[0m
2022-09-25 13:52:50 info: ================================
2022-09-25 13:52:50 info: ======= ENV: development =======
2022-09-25 13:52:50 info: 🚀 App listening on the port 8181
2022-09-25 13:52:50 info: =================================
2022-09-25 13:52:50 info: ======================
2022-09-25 13:52:50 info: MongoDB Connected!
2022-09-25 13:52:50 info: ======================
2022-09-25 13:52:55 info: [0mGET /post/users?userId=3501ba49-b2e6-4396-ad35-27442c1331b6&pageId=1&pageSize=15&sortBy=newest&search=good [31m500[0m 69.691 ms - 548[0m
2022-09-25 13:54:27 info: ================================
2022-09-25 13:54:27 info: ======= ENV: development =======
2022-09-25 13:54:27 info: 🚀 App listening on the port 8181
2022-09-25 13:54:27 info: =================================
2022-09-25 13:54:27 info: ======================
2022-09-25 13:54:27 info: MongoDB Connected!
2022-09-25 13:54:27 info: ======================
2022-09-25 13:54:30 info: [0mGET /post/users?userId=3501ba49-b2e6-4396-ad35-27442c1331b6&pageId=1&pageSize=15&sortBy=newest&search=good [31m500[0m 65.755 ms - 548[0m
2022-09-25 13:55:57 info: ================================
2022-09-25 13:55:57 info: ======= ENV: development =======
2022-09-25 13:55:57 info: 🚀 App listening on the port 8181
2022-09-25 13:55:57 info: =================================
2022-09-25 13:55:57 info: ======================
2022-09-25 13:55:57 info: MongoDB Connected!
2022-09-25 13:55:57 info: ======================
2022-09-25 13:56:00 info: [0mGET /post/users?userId=3501ba49-b2e6-4396-ad35-27442c1331b6&pageId=1&pageSize=15&sortBy=newest&search=good [31m500[0m 69.893 ms - 548[0m
2022-09-25 13:57:44 info: ================================
2022-09-25 13:57:44 info: ======= ENV: development =======
2022-09-25 13:57:44 info: 🚀 App listening on the port 8181
2022-09-25 13:57:44 info: =================================
2022-09-25 13:57:44 info: ======================
2022-09-25 13:57:44 info: MongoDB Connected!
2022-09-25 13:57:44 info: ======================
2022-09-25 13:57:48 info: [0mGET /post/users?userId=3501ba49-b2e6-4396-ad35-27442c1331b6&pageId=1&pageSize=15&sortBy=newest&search=good [31m500[0m 77.336 ms - 548[0m
2022-09-25 14:00:29 info: ================================
2022-09-25 14:00:29 info: ======= ENV: development =======
2022-09-25 14:00:29 info: 🚀 App listening on the port 8181
2022-09-25 14:00:29 info: =================================
2022-09-25 14:00:30 info: ======================
2022-09-25 14:00:30 info: MongoDB Connected!
2022-09-25 14:00:30 info: ======================
2022-09-25 14:00:35 info: [0mGET /post/users?userId=3501ba49-b2e6-4396-ad35-27442c1331b6&pageId=1&pageSize=15&sortBy=newest&search=good [32m200[0m 1857.532 ms - 770[0m
2022-09-25 14:01:57 info: [0mGET /post/users?userId=3501ba49-b2e6-4396-ad35-27442c1331b6&pageId=1&pageSize=15&sortBy=oldest&search=good [32m200[0m 38.764 ms - 770[0m
2022-09-25 14:03:14 info: ================================
2022-09-25 14:03:15 info: ======= ENV: development =======
2022-09-25 14:03:15 info: 🚀 App listening on the port 8181
2022-09-25 14:03:15 info: =================================
2022-09-25 14:03:15 info: ======================
2022-09-25 14:03:15 info: MongoDB Connected!
2022-09-25 14:03:15 info: ======================
2022-09-25 14:03:48 info: [0mGET /post/users?userId=3501ba49-b2e6-4396-ad35-27442c1331b6&pageId=1&pageSize=15&sortBy=oldest&search=good [32m200[0m 774.722 ms - 845[0m
2022-09-25 14:05:50 info: [0mGET /post/users?userId=3501ba49-b2e6-4396-ad35-27442c1331b6&pageId=2&pageSize=3&sortBy=oldest&search=good [32m200[0m 69.550 ms - 452[0m
2022-09-25 14:10:14 info: ================================
2022-09-25 14:10:14 info: ======= ENV: development =======
2022-09-25 14:10:14 info: 🚀 App listening on the port 8181
2022-09-25 14:10:14 info: =================================
2022-09-25 14:10:15 info: ======================
2022-09-25 14:10:15 info: MongoDB Connected!
2022-09-25 14:10:15 info: ======================
2022-09-25 14:10:22 info: [0mGET /post/users?userId=3501ba49-b2e6-4396-ad35-27442c1331b6&pageId=2&pageSize=3&sortBy=oldest&search=good [32m200[0m 182.013 ms - 452[0m
2022-09-25 14:10:42 info: [0mGET /post/users?pageId=2&pageSize=3&sortBy=oldest&search=good [32m200[0m 38.960 ms - 64[0m
2022-09-25 14:12:26 info: ================================
2022-09-25 14:12:26 info: ======= ENV: development =======
2022-09-25 14:12:26 info: 🚀 App listening on the port 8181
2022-09-25 14:12:26 info: =================================
2022-09-25 14:12:26 info: ======================
2022-09-25 14:12:26 info: MongoDB Connected!
2022-09-25 14:12:26 info: ======================
2022-09-25 14:12:30 info: [0mGET /post/users?pageId=2&pageSize=3&sortBy=oldest&search=good [32m200[0m 127.826 ms - 64[0m
2022-09-25 14:14:13 info: ================================
2022-09-25 14:14:13 info: ======= ENV: development =======
2022-09-25 14:14:13 info: 🚀 App listening on the port 8181
2022-09-25 14:14:13 info: =================================
2022-09-25 14:14:13 info: ======================
2022-09-25 14:14:13 info: MongoDB Connected!
2022-09-25 14:14:13 info: ======================
2022-09-25 14:14:20 info: [0mGET /post/users?pageId=2&pageSize=3&sortBy=oldest&search=good [32m200[0m 140.270 ms - 64[0m
2022-09-25 14:14:28 info: [0mGET /post/users?userId=3501ba49-b2e6-4396-ad35-27442c1331b6&pageId=2&pageSize=3&sortBy=oldest&search=good [32m200[0m 157.226 ms - 452[0m
2022-09-25 14:16:32 info: ================================
2022-09-25 14:16:32 info: ======= ENV: development =======
2022-09-25 14:16:32 info: 🚀 App listening on the port 8181
2022-09-25 14:16:32 info: =================================
2022-09-25 14:16:32 info: ======================
2022-09-25 14:16:32 info: MongoDB Connected!
2022-09-25 14:16:32 info: ======================
2022-09-25 14:18:16 info: ================================
2022-09-25 14:18:16 info: ======= ENV: development =======
2022-09-25 14:18:16 info: 🚀 App listening on the port 8181
2022-09-25 14:18:16 info: =================================
2022-09-25 14:18:16 info: ======================
2022-09-25 14:18:16 info: MongoDB Connected!
2022-09-25 14:18:16 info: ======================
2022-09-25 14:19:19 info: ================================
2022-09-25 14:19:19 info: ======= ENV: development =======
2022-09-25 14:19:19 info: 🚀 App listening on the port 8181
2022-09-25 14:19:19 info: =================================
2022-09-25 14:19:19 info: ======================
2022-09-25 14:19:19 info: MongoDB Connected!
2022-09-25 14:19:19 info: ======================
2022-09-25 14:19:42 info: ================================
2022-09-25 14:19:42 info: ======= ENV: development =======
2022-09-25 14:19:42 info: 🚀 App listening on the port 8181
2022-09-25 14:19:42 info: =================================
2022-09-25 14:19:42 info: ======================
2022-09-25 14:19:42 info: MongoDB Connected!
2022-09-25 14:19:42 info: ======================
2022-09-25 14:20:10 info: [0mGET /post/all?pageId=2&pageSize=3&sortBy=oldest&search=good [32m200[0m 188.901 ms - 452[0m
2022-09-25 14:20:25 info: [0mGET /post/all?pageId=1&pageSize=1&sortBy=oldest&search=good [32m200[0m 32.825 ms - 194[0m
2022-09-25 14:20:38 info: [0mGET /post/all?pageId=1&pageSize=11&sortBy=oldest&search=kkk [32m200[0m 33.176 ms - 64[0m
2022-09-25 14:20:46 info: [0mGET /post/all?pageId=1&pageSize=11&sortBy=oldest&search= [32m200[0m 60.858 ms - 845[0m
2022-09-25 14:20:53 info: [0mGET /post/all?pageId=1&pageSize=11&sortBy=oldest&search=all [32m200[0m 57.487 ms - 845[0m
2022-09-25 14:25:43 info: ================================
2022-09-25 14:25:43 info: ======= ENV: development =======
2022-09-25 14:25:43 info: 🚀 App listening on the port 8181
2022-09-25 14:25:43 info: =================================
2022-09-25 14:25:43 info: ======================
2022-09-25 14:25:43 info: MongoDB Connected!
2022-09-25 14:25:43 info: ======================
2022-09-25 14:30:37 info: ================================
2022-09-25 14:30:37 info: ======= ENV: development =======
2022-09-25 14:30:37 info: 🚀 App listening on the port 8181
2022-09-25 14:30:37 info: =================================
2022-09-25 14:30:37 info: ======================
2022-09-25 14:30:37 info: MongoDB Connected!
2022-09-25 14:30:37 info: ======================
2022-09-25 14:31:35 info: ================================
2022-09-25 14:31:35 info: ======= ENV: development =======
2022-09-25 14:31:35 info: 🚀 App listening on the port 8181
2022-09-25 14:31:35 info: =================================
2022-09-25 14:31:35 info: ======================
2022-09-25 14:31:35 info: MongoDB Connected!
2022-09-25 14:31:35 info: ======================
2022-09-25 14:33:32 info: [0mPATCH /post/one [31m500[0m 329.174 ms - 1318[0m
2022-09-25 14:34:49 info: ================================
2022-09-25 14:34:49 info: ======= ENV: development =======
2022-09-25 14:34:49 info: 🚀 App listening on the port 8181
2022-09-25 14:34:49 info: =================================
2022-09-25 14:34:50 info: ======================
2022-09-25 14:34:50 info: MongoDB Connected!
2022-09-25 14:34:50 info: ======================
2022-09-25 14:35:06 info: ================================
2022-09-25 14:35:06 info: ======= ENV: development =======
2022-09-25 14:35:06 info: 🚀 App listening on the port 8181
2022-09-25 14:35:06 info: =================================
2022-09-25 14:35:06 info: ======================
2022-09-25 14:35:06 info: MongoDB Connected!
2022-09-25 14:35:06 info: ======================
2022-09-25 14:35:13 info: [0mPATCH /post/one [32m200[0m 389.386 ms - 32[0m
2022-09-25 14:35:45 info: [0mGET /post/users?userId=3501ba49-b2e6-4396-ad35-27442c1331b6&pageId=2&pageSize=3&sortBy=oldest&search=good [32m200[0m 150.415 ms - 452[0m
2022-09-25 14:35:59 info: [0mGET /post/users?userId=3501ba49-b2e6-4396-ad35-27442c1331b6&pageId=1&pageSize=3&sortBy=oldest&search=good [32m200[0m 61.537 ms - 495[0m
2022-09-25 14:36:12 info: [0mGET /post/all?pageId=1&pageSize=11&sortBy=oldest&search=all [32m200[0m 53.445 ms - 884[0m
2022-09-25 14:37:46 info: ================================
2022-09-25 14:37:46 info: ======= ENV: development =======
2022-09-25 14:37:46 info: 🚀 App listening on the port 8181
2022-09-25 14:37:46 info: =================================
2022-09-25 14:37:46 info: ======================
2022-09-25 14:37:46 info: MongoDB Connected!
2022-09-25 14:37:46 info: ======================
2022-09-25 14:37:58 info: [0mPATCH /post/one [32m200[0m 338.035 ms - 32[0m
2022-09-25 14:38:03 info: [0mGET /post/all?pageId=1&pageSize=11&sortBy=oldest&search=all [32m200[0m 124.378 ms - 884[0m
2022-09-25 14:39:16 info: ================================
2022-09-25 14:39:16 info: ======= ENV: development =======
2022-09-25 14:39:16 info: 🚀 App listening on the port 8181
2022-09-25 14:39:16 info: =================================
2022-09-25 14:39:16 info: ======================
2022-09-25 14:39:16 info: MongoDB Connected!
2022-09-25 14:39:16 info: ======================
2022-09-25 14:39:23 info: [0mPATCH /post/one [32m200[0m 263.892 ms - 229[0m
2022-09-25 14:39:38 info: [0mGET /post/users?userId=3501ba49-b2e6-4396-ad35-27442c1331b6&pageId=2&pageSize=3&sortBy=oldest&search=good [32m200[0m 121.398 ms - 452[0m
2022-09-25 14:39:46 info: [0mGET /post/all?pageId=1&pageSize=11&sortBy=oldest&search=all [32m200[0m 49.309 ms - 884[0m
2022-09-25 14:39:54 info: [0mPATCH /post/one [32m200[0m 81.279 ms - 229[0m
2022-09-25 14:41:15 info: ================================
2022-09-25 14:41:15 info: ======= ENV: development =======
2022-09-25 14:41:15 info: 🚀 App listening on the port 8181
2022-09-25 14:41:15 info: =================================
2022-09-25 14:41:15 info: ======================
2022-09-25 14:41:15 info: MongoDB Connected!
2022-09-25 14:41:15 info: ======================
2022-09-25 14:41:19 info: [0mPATCH /post/one [32m200[0m 264.940 ms - 229[0m
2022-09-25 14:41:33 info: [0mPATCH /post/one [32m200[0m 84.615 ms - 229[0m
2022-09-25 14:42:03 info: [0mPATCH /post/one [32m200[0m 32.643 ms - 229[0m
2022-09-25 14:42:12 info: [0mPATCH /post/one [32m200[0m 32.226 ms - 229[0m
2022-09-25 14:42:18 info: [0mPATCH /post/one [32m200[0m 32.175 ms - 229[0m
2022-09-25 14:43:05 info: ================================
2022-09-25 14:43:05 info: ======= ENV: development =======
2022-09-25 14:43:05 info: 🚀 App listening on the port 8181
2022-09-25 14:43:05 info: =================================
2022-09-25 14:43:05 info: ======================
2022-09-25 14:43:05 info: MongoDB Connected!
2022-09-25 14:43:05 info: ======================
2022-09-25 14:43:16 info: [0mPATCH /post/one [32m200[0m 284.384 ms - 244[0m
2022-09-25 14:45:17 info: ================================
2022-09-25 14:45:17 info: ======= ENV: development =======
2022-09-25 14:45:17 info: 🚀 App listening on the port 8181
2022-09-25 14:45:17 info: =================================
2022-09-25 14:45:17 info: ======================
2022-09-25 14:45:17 info: MongoDB Connected!
2022-09-25 14:45:17 info: ======================
2022-09-25 14:47:18 info: ================================
2022-09-25 14:47:18 info: ======= ENV: development =======
2022-09-25 14:47:18 info: 🚀 App listening on the port 8181
2022-09-25 14:47:18 info: =================================
2022-09-25 14:47:18 info: ======================
2022-09-25 14:47:18 info: MongoDB Connected!
2022-09-25 14:47:18 info: ======================
2022-09-25 14:49:48 info: ================================
2022-09-25 14:49:48 info: ======= ENV: development =======
2022-09-25 14:49:48 info: 🚀 App listening on the port 8181
2022-09-25 14:49:48 info: =================================
2022-09-25 14:49:49 info: ======================
2022-09-25 14:49:49 info: MongoDB Connected!
2022-09-25 14:49:49 info: ======================
2022-09-25 14:50:20 info: ================================
2022-09-25 14:50:20 info: ======= ENV: development =======
2022-09-25 14:50:20 info: 🚀 App listening on the port 8181
2022-09-25 14:50:20 info: =================================
2022-09-25 14:50:20 info: ======================
2022-09-25 14:50:20 info: MongoDB Connected!
2022-09-25 14:50:20 info: ======================
2022-09-25 14:50:54 info: ================================
2022-09-25 14:50:54 info: ======= ENV: development =======
2022-09-25 14:50:54 info: 🚀 App listening on the port 8181
2022-09-25 14:50:54 info: =================================
2022-09-25 14:50:54 info: ======================
2022-09-25 14:50:54 info: MongoDB Connected!
2022-09-25 14:50:54 info: ======================
2022-09-25 14:50:57 info: [0mDELETE /post/632ed291f6fc0926840e1140 [33m404[0m 124.128 ms - 171[0m
2022-09-25 14:51:40 info: ================================
2022-09-25 14:51:40 info: ======= ENV: development =======
2022-09-25 14:51:40 info: 🚀 App listening on the port 8181
2022-09-25 14:51:40 info: =================================
2022-09-25 14:51:40 info: ======================
2022-09-25 14:51:40 info: MongoDB Connected!
2022-09-25 14:51:40 info: ======================
2022-09-25 14:51:43 info: [0mDELETE /post/632ed291f6fc0926840e1140 [32m200[0m 210.923 ms - 32[0m
2022-09-25 14:51:52 info: [0mGET /post/all?pageId=1&pageSize=11&sortBy=oldest&search=all [32m200[0m 128.220 ms - 714[0m
2022-09-25 14:53:00 info: ================================
2022-09-25 14:53:00 info: ======= ENV: development =======
2022-09-25 14:53:00 info: 🚀 App listening on the port 8181
2022-09-25 14:53:00 info: =================================
2022-09-25 14:53:00 info: ======================
2022-09-25 14:53:00 info: MongoDB Connected!
2022-09-25 14:53:00 info: ======================
2022-09-25 16:42:59 info: ================================
2022-09-25 16:42:59 info: ======= ENV: development =======
2022-09-25 16:42:59 info: 🚀 App listening on the port 8181
2022-09-25 16:42:59 info: =================================
2022-09-25 16:43:00 info: ======================
2022-09-25 16:43:00 info: MongoDB Connected!
2022-09-25 16:43:00 info: ======================
2022-09-25 16:46:15 info: ================================
2022-09-25 16:46:15 info: ======= ENV: development =======
2022-09-25 16:46:15 info: 🚀 App listening on the port 8181
2022-09-25 16:46:15 info: =================================
2022-09-25 16:46:15 info: ======================
2022-09-25 16:46:15 info: MongoDB Connected!
2022-09-25 16:46:15 info: ======================
2022-09-25 16:48:04 info: ================================
2022-09-25 16:48:04 info: ======= ENV: development =======
2022-09-25 16:48:04 info: 🚀 App listening on the port 8181
2022-09-25 16:48:04 info: =================================
2022-09-25 16:48:04 info: ======================
2022-09-25 16:48:04 info: MongoDB Connected!
2022-09-25 16:48:04 info: ======================
2022-09-25 16:48:33 info: ================================
2022-09-25 16:48:33 info: ======= ENV: development =======
2022-09-25 16:48:33 info: 🚀 App listening on the port 8181
2022-09-25 16:48:33 info: =================================
2022-09-25 16:48:33 info: ======================
2022-09-25 16:48:33 info: MongoDB Connected!
2022-09-25 16:48:33 info: ======================
2022-09-25 16:50:28 info: ================================
2022-09-25 16:50:28 info: ======= ENV: development =======
2022-09-25 16:50:28 info: 🚀 App listening on the port 8181
2022-09-25 16:50:28 info: =================================
2022-09-25 16:50:28 info: ======================
2022-09-25 16:50:28 info: MongoDB Connected!
2022-09-25 16:50:28 info: ======================
2022-09-25 16:50:51 info: ================================
2022-09-25 16:50:51 info: ======= ENV: development =======
2022-09-25 16:50:51 info: 🚀 App listening on the port 8181
2022-09-25 16:50:51 info: =================================
2022-09-25 16:50:51 info: ======================
2022-09-25 16:50:51 info: MongoDB Connected!
2022-09-25 16:50:51 info: ======================
2022-09-25 16:54:36 info: ================================
2022-09-25 16:54:36 info: ======= ENV: development =======
2022-09-25 16:54:36 info: 🚀 App listening on the port 8181
2022-09-25 16:54:36 info: =================================
2022-09-25 16:54:36 info: ======================
2022-09-25 16:54:36 info: MongoDB Connected!
2022-09-25 16:54:36 info: ======================
2022-09-25 16:55:18 info: ================================
2022-09-25 16:55:18 info: ======= ENV: development =======
2022-09-25 16:55:18 info: 🚀 App listening on the port 8181
2022-09-25 16:55:18 info: =================================
2022-09-25 16:55:18 info: ======================
2022-09-25 16:55:18 info: MongoDB Connected!
2022-09-25 16:55:18 info: ======================
2022-09-25 17:03:35 info: ================================
2022-09-25 17:03:35 info: ======= ENV: development =======
2022-09-25 17:03:35 info: 🚀 App listening on the port 8181
2022-09-25 17:03:35 info: =================================
2022-09-25 17:03:36 info: ======================
2022-09-25 17:03:36 info: MongoDB Connected!
2022-09-25 17:03:36 info: ======================
2022-09-25 17:11:30 info: ================================
2022-09-25 17:11:30 info: ======= ENV: development =======
2022-09-25 17:11:30 info: 🚀 App listening on the port 8181
2022-09-25 17:11:30 info: =================================
2022-09-25 17:11:30 info: ======================
2022-09-25 17:11:30 info: MongoDB Connected!
2022-09-25 17:11:30 info: ======================
2022-09-25 17:19:48 info: ================================
2022-09-25 17:19:48 info: ======= ENV: development =======
2022-09-25 17:19:48 info: 🚀 App listening on the port 8181
2022-09-25 17:19:48 info: =================================
2022-09-25 17:19:48 info: ======================
2022-09-25 17:19:48 info: MongoDB Connected!
2022-09-25 17:19:48 info: ======================
2022-09-25 17:20:07 info: ================================
2022-09-25 17:20:07 info: ======= ENV: development =======
2022-09-25 17:20:07 info: 🚀 App listening on the port 8181
2022-09-25 17:20:07 info: =================================
2022-09-25 17:20:07 info: ======================
2022-09-25 17:20:07 info: MongoDB Connected!
2022-09-25 17:20:07 info: ======================
2022-09-25 17:20:33 info: ================================
2022-09-25 17:20:33 info: ======= ENV: development =======
2022-09-25 17:20:33 info: 🚀 App listening on the port 8181
2022-09-25 17:20:33 info: =================================
2022-09-25 17:20:34 info: ======================
2022-09-25 17:20:34 info: MongoDB Connected!
2022-09-25 17:20:34 info: ======================
2022-09-25 17:23:50 info: ================================
2022-09-25 17:23:50 info: ======= ENV: development =======
2022-09-25 17:23:50 info: 🚀 App listening on the port 8181
2022-09-25 17:23:50 info: =================================
2022-09-25 17:23:50 info: ======================
2022-09-25 17:23:50 info: MongoDB Connected!
2022-09-25 17:23:50 info: ======================
2022-09-25 17:24:16 info: ================================
2022-09-25 17:24:16 info: ======= ENV: development =======
2022-09-25 17:24:16 info: 🚀 App listening on the port 8181
2022-09-25 17:24:16 info: =================================
2022-09-25 17:24:16 info: ======================
2022-09-25 17:24:16 info: MongoDB Connected!
2022-09-25 17:24:16 info: ======================
2022-09-25 17:26:41 info: ================================
2022-09-25 17:26:41 info: ======= ENV: development =======
2022-09-25 17:26:41 info: 🚀 App listening on the port 8181
2022-09-25 17:26:41 info: =================================
2022-09-25 17:26:41 info: ======================
2022-09-25 17:26:41 info: MongoDB Connected!
2022-09-25 17:26:41 info: ======================
2022-09-25 17:28:33 info: ================================
2022-09-25 17:28:33 info: ======= ENV: development =======
2022-09-25 17:28:33 info: 🚀 App listening on the port 8181
2022-09-25 17:28:33 info: =================================
2022-09-25 17:28:33 info: ======================
2022-09-25 17:28:33 info: MongoDB Connected!
2022-09-25 17:28:33 info: ======================
2022-09-25 17:30:18 info: [0mPOST /comment [33m404[0m 208.513 ms - 147[0m
2022-09-25 17:30:56 info: [0mPOST /comment [33m404[0m 12.295 ms - 147[0m
2022-09-25 17:31:34 info: ================================
2022-09-25 17:31:34 info: ======= ENV: development =======
2022-09-25 17:31:34 info: 🚀 App listening on the port 8181
2022-09-25 17:31:34 info: =================================
2022-09-25 17:31:34 info: ======================
2022-09-25 17:31:34 info: MongoDB Connected!
2022-09-25 17:31:34 info: ======================
2022-09-25 17:32:34 info: ================================
2022-09-25 17:32:34 info: ======= ENV: development =======
2022-09-25 17:32:34 info: 🚀 App listening on the port 8181
2022-09-25 17:32:34 info: =================================
2022-09-25 17:32:34 info: ======================
2022-09-25 17:32:34 info: MongoDB Connected!
2022-09-25 17:32:34 info: ======================
2022-09-25 17:32:40 info: [0mPOST /comment [32m201[0m 743.168 ms - 32[0m
2022-09-25 17:33:27 info: [0mGET /post/all?pageId=1&pageSize=11&sortBy=oldest&search=all [32m200[0m 460.539 ms - 793[0m
2022-09-25 20:06:28 info: ================================
2022-09-25 20:06:28 info: ======= ENV: development =======
2022-09-25 20:06:28 info: 🚀 App listening on the port 8181
2022-09-25 20:06:28 info: =================================
2022-09-25 20:06:31 info: ======================
2022-09-25 20:06:31 info: MongoDB Connected!
2022-09-25 20:06:31 info: ======================
2022-09-25 20:08:07 info: [0mPOST /comment [32m201[0m 2060.426 ms - 32[0m
2022-09-25 20:08:19 info: [0mGET /post/users?userId=3501ba49-b2e6-4396-ad35-27442c1331b6&pageId=2&pageSize=3&sortBy=oldest&search=good [0m-[0m - ms - -[0m
2022-09-25 20:08:21 info: [0mGET /post/users?userId=3501ba49-b2e6-4396-ad35-27442c1331b6&pageId=2&pageSize=3&sortBy=oldest&search=good [32m200[0m 933.894 ms - 321[0m
2022-09-25 20:08:49 info: [0mGET /post/users?userId=3501ba49-b2e6-4396-ad35-27442c1331b6&pageId=1&pageSize=13&sortBy=oldest&search=good [32m200[0m 180.156 ms - 820[0m
2022-09-25 20:13:52 info: ================================
2022-09-25 20:13:52 info: ======= ENV: development =======
2022-09-25 20:13:52 info: 🚀 App listening on the port 8181
2022-09-25 20:13:52 info: =================================
2022-09-25 20:13:52 info: ======================
2022-09-25 20:13:52 info: MongoDB Connected!
2022-09-25 20:13:52 info: ======================
2022-09-25 20:20:17 info: ================================
2022-09-25 20:20:17 info: ======= ENV: development =======
2022-09-25 20:20:17 info: 🚀 App listening on the port 8181
2022-09-25 20:20:17 info: =================================
2022-09-25 20:20:17 info: ======================
2022-09-25 20:20:17 info: MongoDB Connected!
2022-09-25 20:20:17 info: ======================
2022-09-25 20:23:56 info: ================================
2022-09-25 20:23:56 info: ======= ENV: development =======
2022-09-25 20:23:56 info: 🚀 App listening on the port 8181
2022-09-25 20:23:56 info: =================================
2022-09-25 20:23:56 info: ======================
2022-09-25 20:23:56 info: MongoDB Connected!
2022-09-25 20:23:56 info: ======================
2022-09-25 20:24:14 info: ================================
2022-09-25 20:24:14 info: ======= ENV: development =======
2022-09-25 20:24:14 info: 🚀 App listening on the port 8181
2022-09-25 20:24:14 info: =================================
2022-09-25 20:24:14 info: ======================
2022-09-25 20:24:14 info: MongoDB Connected!
2022-09-25 20:24:14 info: ======================
2022-09-25 20:24:42 info: ================================
2022-09-25 20:24:42 info: ======= ENV: development =======
2022-09-25 20:24:42 info: 🚀 App listening on the port 8181
2022-09-25 20:24:42 info: =================================
2022-09-25 20:24:43 info: ======================
2022-09-25 20:24:43 info: MongoDB Connected!
2022-09-25 20:24:43 info: ======================
2022-09-25 20:25:40 info: ================================
2022-09-25 20:25:40 info: ======= ENV: development =======
2022-09-25 20:25:40 info: 🚀 App listening on the port 8181
2022-09-25 20:25:40 info: =================================
2022-09-25 20:25:40 info: ======================
2022-09-25 20:25:40 info: MongoDB Connected!
2022-09-25 20:25:40 info: ======================
2022-09-25 20:27:14 info: ================================
2022-09-25 20:27:14 info: ======= ENV: development =======
2022-09-25 20:27:14 info: 🚀 App listening on the port 8181
2022-09-25 20:27:14 info: =================================
2022-09-25 20:27:14 info: ======================
2022-09-25 20:27:14 info: MongoDB Connected!
2022-09-25 20:27:14 info: ======================
2022-09-25 20:27:46 info: ================================
2022-09-25 20:27:46 info: ======= ENV: development =======
2022-09-25 20:27:46 info: 🚀 App listening on the port 8181
2022-09-25 20:27:46 info: =================================
2022-09-25 20:27:46 info: ======================
2022-09-25 20:27:46 info: MongoDB Connected!
2022-09-25 20:27:46 info: ======================
2022-09-25 20:28:23 info: ================================
2022-09-25 20:28:23 info: ======= ENV: development =======
2022-09-25 20:28:23 info: 🚀 App listening on the port 8181
2022-09-25 20:28:23 info: =================================
2022-09-25 20:28:23 info: ======================
2022-09-25 20:28:23 info: MongoDB Connected!
2022-09-25 20:28:23 info: ======================
2022-09-25 20:30:41 info: [0mGET /comment?postId=632ed2d2bc88ce1f1cf960e4&sortBy=oldest&numPerPost=3&pageId=1 [32m200[0m 233.142 ms - 430[0m
2022-09-25 20:33:10 info: ================================
2022-09-25 20:33:10 info: ======= ENV: development =======
2022-09-25 20:33:10 info: 🚀 App listening on the port 8181
2022-09-25 20:33:10 info: =================================
2022-09-25 20:33:10 info: ======================
2022-09-25 20:33:10 info: MongoDB Connected!
2022-09-25 20:33:10 info: ======================
2022-09-25 20:33:17 info: [0mGET /comment?postId=632ed2d2bc88ce1f1cf960e4&sortBy=oldest&numPerPost=3&pageId=1 [32m200[0m 162.704 ms - 430[0m
2022-09-25 20:35:38 info: ================================
2022-09-25 20:35:38 info: ======= ENV: development =======
2022-09-25 20:35:38 info: 🚀 App listening on the port 8181
2022-09-25 20:35:38 info: =================================
2022-09-25 20:35:38 info: ======================
2022-09-25 20:35:38 info: MongoDB Connected!
2022-09-25 20:35:38 info: ======================
2022-09-25 23:50:12 info: ================================
2022-09-25 23:50:12 info: ======= ENV: development =======
2022-09-25 23:50:12 info: 🚀 App listening on the port 8181
2022-09-25 23:50:12 info: =================================
2022-09-25 23:50:16 info: ======================
2022-09-25 23:50:16 info: MongoDB Connected!
2022-09-25 23:50:16 info: ======================
2022-09-25 23:52:38 info: ================================
2022-09-25 23:52:38 info: ======= ENV: development =======
2022-09-25 23:52:38 info: 🚀 App listening on the port 8181
2022-09-25 23:52:38 info: =================================
2022-09-25 23:52:38 info: ======================
2022-09-25 23:52:38 info: MongoDB Connected!
2022-09-25 23:52:38 info: ======================
2022-09-25 23:53:06 info: [0mGET /post/users?userId=3501ba49-b2e6-4396-ad35-27442c1331b6&pageId=2&pageSize=3&sortBy=oldest&search=good [32m200[0m 1181.593 ms - 321[0m
2022-09-25 23:53:34 info: [0mGET /post/users?userId=3501ba49-b2e6-4396-ad35-27442c1331b6&pageId=1&pageSize=30&sortBy=oldest&search=good [32m200[0m 80.482 ms - 820[0m
2022-09-25 23:53:55 info: [0mGET /comment?postId=632ed2d2bc88ce1f1cf960e4&sortBy=oldest&numPerPost=3&pageId=1 [32m200[0m 45.765 ms - 430[0m
2022-09-25 23:54:46 info: [0mPOST /comment [31m500[0m 887.410 ms - 2[0m
2022-09-25 23:55:54 info: [0mPOST /comment [31m500[0m 25.960 ms - 2[0m
2022-09-25 23:56:18 info: [0mPOST /comment [32m201[0m 416.168 ms - 32[0m
2022-09-25 23:56:32 info: [0mGET /comment?postId=632ed2d2bc88ce1f1cf960e4&sortBy=oldest&numPerPost=3&pageId=1 [32m200[0m 29.884 ms - 430[0m
2022-09-25 23:57:44 info: [0mPOST /comment [32m201[0m 87.835 ms - 32[0m
2022-09-25 23:58:01 info: [0mGET /comment?postId=632ed2d2bc88ce1f1cf960e4&sortBy=oldest&numPerPost=30&pageId=1 [32m200[0m 23.991 ms - 430[0m
2022-09-25 23:58:36 info: [0mPOST /comment [32m201[0m 111.996 ms - 32[0m
2022-09-25 23:58:43 info: [0mGET /comment?postId=632ed2d2bc88ce1f1cf960e4&sortBy=oldest&numPerPost=30&pageId=1 [32m200[0m 23.609 ms - 697[0m
